# JRE version: OpenJDK Runtime Environment Temurin-21.0.6+7 (21.0.6+7) (build 21.0.6+7-LTS)
# Java VM: OpenJDK 64-Bit Server VM Temurin-21.0.6+7 (21.0.6+7-LTS, mixed mode, sharing, tiered, compressed oops, compressed class ptrs, parallel gc, windows-amd64)
GC Precious Log:
 CardTable entry size: 512
 CPUs: 8 total, 8 available
 Memory: 7930M
 Large Page Support: Disabled
 NUMA Support: Disabled
 Compressed Oops: Enabled (32-bit)
 Alignments: Space 512K, Generation 512K, Heap 2M
 Heap Min Capacity: 100M
 Heap Initial Capacity: 100M
 Heap Max Capacity: 1G
 Pre-touch: Disabled
 Parallel Workers: 8
Heap:
 PSYoungGen      total 10240K, used 3058K [0x00000000eab00000, 0x00000000eb980000, 0x0000000100000000)
  eden space 7168K, 0% used [0x00000000eab00000,0x00000000eab00000,0x00000000eb200000)
  from space 3072K, 99% used [0x00000000eb500000,0x00000000eb7fc9e8,0x00000000eb800000)
  to   space 3072K, 0% used [0x00000000eb200000,0x00000000eb200000,0x00000000eb500000)
 ParOldGen       total 354304K, used 329390K [0x00000000c0000000, 0x00000000d5a00000, 0x00000000eab00000)
  object space 354304K, 92% used [0x00000000c0000000,0x00000000d41aba10,0x00000000d5a00000)
 Metaspace       used 67813K, committed 69312K, reserved 1114112K
  class space    used 8178K, committed 8832K, reserved 1048576K
GC Heap History (20 events):
Event: 17.180 GC heap after
{Heap after GC invocations=314 (full 3):
 PSYoungGen      total 8704K, used 1535K [0x00000000eab00000, 0x00000000ebb00000, 0x0000000100000000)
  eden space 7168K, 0% used [0x00000000eab00000,0x00000000eab00000,0x00000000eb200000)
  from space 1536K, 99% used [0x00000000eb580000,0x00000000eb6ffe30,0x00000000eb700000)
  to   space 4096K, 0% used [0x00000000eb700000,0x00000000eb700000,0x00000000ebb00000)
 ParOldGen       total 339456K, used 339377K [0x00000000c0000000, 0x00000000d4b80000, 0x00000000eab00000)
  object space 339456K, 99% used [0x00000000c0000000,0x00000000d4b6c728,0x00000000d4b80000)
 Metaspace       used 66889K, committed 68352K, reserved 1114112K
  class space    used 8042K, committed 8704K, reserved 1048576K
}
Event: 17.210 GC heap before
{Heap before GC invocations=315 (full 3):
 PSYoungGen      total 8704K, used 8703K [0x00000000eab00000, 0x00000000ebb00000, 0x0000000100000000)
  eden space 7168K, 100% used [0x00000000eab00000,0x00000000eb200000,0x00000000eb200000)
  from space 1536K, 99% used [0x00000000eb580000,0x00000000eb6ffe30,0x00000000eb700000)
  to   space 4096K, 0% used [0x00000000eb700000,0x00000000eb700000,0x00000000ebb00000)
 ParOldGen       total 339456K, used 339377K [0x00000000c0000000, 0x00000000d4b80000, 0x00000000eab00000)
  object space 339456K, 99% used [0x00000000c0000000,0x00000000d4b6c728,0x00000000d4b80000)
 Metaspace       used 66906K, committed 68352K, reserved 1114112K
  class space    used 8046K, committed 8704K, reserved 1048576K
}
Event: 17.214 GC heap after
{Heap after GC invocations=315 (full 3):
 PSYoungGen      total 8192K, used 752K [0x00000000eab00000, 0x00000000eb800000, 0x0000000100000000)
  eden space 7168K, 0% used [0x00000000eab00000,0x00000000eab00000,0x00000000eb200000)
  from space 1024K, 73% used [0x00000000eb700000,0x00000000eb7bc000,0x00000000eb800000)
  to   space 2048K, 0% used [0x00000000eb400000,0x00000000eb400000,0x00000000eb600000)
 ParOldGen       total 340992K, used 340935K [0x00000000c0000000, 0x00000000d4d00000, 0x00000000eab00000)
  object space 340992K, 99% used [0x00000000c0000000,0x00000000d4cf1f90,0x00000000d4d00000)
 Metaspace       used 66906K, committed 68352K, reserved 1114112K
  class space    used 8046K, committed 8704K, reserved 1048576K
}
Event: 17.244 GC heap before
{Heap before GC invocations=316 (full 3):
 PSYoungGen      total 8192K, used 7920K [0x00000000eab00000, 0x00000000eb800000, 0x0000000100000000)
  eden space 7168K, 100% used [0x00000000eab00000,0x00000000eb200000,0x00000000eb200000)
  from space 1024K, 73% used [0x00000000eb700000,0x00000000eb7bc000,0x00000000eb800000)
  to   space 2048K, 0% used [0x00000000eb400000,0x00000000eb400000,0x00000000eb600000)
 ParOldGen       total 340992K, used 340935K [0x00000000c0000000, 0x00000000d4d00000, 0x00000000eab00000)
  object space 340992K, 99% used [0x00000000c0000000,0x00000000d4cf1f90,0x00000000d4d00000)
 Metaspace       used 66906K, committed 68352K, reserved 1114112K
  class space    used 8046K, committed 8704K, reserved 1048576K
}
Event: 17.247 GC heap after
{Heap after GC invocations=316 (full 3):
 PSYoungGen      total 9216K, used 2027K [0x00000000eab00000, 0x00000000eb780000, 0x0000000100000000)
  eden space 7168K, 0% used [0x00000000eab00000,0x00000000eab00000,0x00000000eb200000)
  from space 2048K, 99% used [0x00000000eb400000,0x00000000eb5fae60,0x00000000eb600000)
  to   space 1536K, 0% used [0x00000000eb600000,0x00000000eb600000,0x00000000eb780000)
 ParOldGen       total 342016K, used 341566K [0x00000000c0000000, 0x00000000d4e00000, 0x00000000eab00000)
  object space 342016K, 99% used [0x00000000c0000000,0x00000000d4d8fa38,0x00000000d4e00000)
 Metaspace       used 66906K, committed 68352K, reserved 1114112K
  class space    used 8046K, committed 8704K, reserved 1048576K
}
Event: 17.275 GC heap before
{Heap before GC invocations=317 (full 3):
 PSYoungGen      total 9216K, used 9195K [0x00000000eab00000, 0x00000000eb780000, 0x0000000100000000)
  eden space 7168K, 100% used [0x00000000eab00000,0x00000000eb200000,0x00000000eb200000)
  from space 2048K, 99% used [0x00000000eb400000,0x00000000eb5fae60,0x00000000eb600000)
  to   space 1536K, 0% used [0x00000000eb600000,0x00000000eb600000,0x00000000eb780000)
 ParOldGen       total 342016K, used 341566K [0x00000000c0000000, 0x00000000d4e00000, 0x00000000eab00000)
  object space 342016K, 99% used [0x00000000c0000000,0x00000000d4d8fa38,0x00000000d4e00000)
 Metaspace       used 66906K, committed 68352K, reserved 1114112K
  class space    used 8046K, committed 8704K, reserved 1048576K
}
Event: 17.279 GC heap after
{Heap after GC invocations=317 (full 3):
 PSYoungGen      total 8192K, used 731K [0x00000000eab00000, 0x00000000eb700000, 0x0000000100000000)
  eden space 7168K, 0% used [0x00000000eab00000,0x00000000eab00000,0x00000000eb200000)
  from space 1024K, 71% used [0x00000000eb600000,0x00000000eb6b6f48,0x00000000eb700000)
  to   space 1536K, 0% used [0x00000000eb400000,0x00000000eb400000,0x00000000eb580000)
 ParOldGen       total 344064K, used 343508K [0x00000000c0000000, 0x00000000d5000000, 0x00000000eab00000)
  object space 344064K, 99% used [0x00000000c0000000,0x00000000d4f75338,0x00000000d5000000)
 Metaspace       used 66906K, committed 68352K, reserved 1114112K
  class space    used 8046K, committed 8704K, reserved 1048576K
}
Event: 17.339 GC heap before
{Heap before GC invocations=318 (full 3):
 PSYoungGen      total 8192K, used 7899K [0x00000000eab00000, 0x00000000eb700000, 0x0000000100000000)
  eden space 7168K, 100% used [0x00000000eab00000,0x00000000eb200000,0x00000000eb200000)
  from space 1024K, 71% used [0x00000000eb600000,0x00000000eb6b6f48,0x00000000eb700000)
  to   space 1536K, 0% used [0x00000000eb400000,0x00000000eb400000,0x00000000eb580000)
 ParOldGen       total 344064K, used 343508K [0x00000000c0000000, 0x00000000d5000000, 0x00000000eab00000)
  object space 344064K, 99% used [0x00000000c0000000,0x00000000d4f75338,0x00000000d5000000)
 Metaspace       used 67028K, committed 68544K, reserved 1114112K
  class space    used 8065K, committed 8704K, reserved 1048576K
}
Event: 17.346 GC heap after
{Heap after GC invocations=318 (full 3):
 PSYoungGen      total 8704K, used 1527K [0x00000000eab00000, 0x00000000eb900000, 0x0000000100000000)
  eden space 7168K, 0% used [0x00000000eab00000,0x00000000eab00000,0x00000000eb200000)
  from space 1536K, 99% used [0x00000000eb400000,0x00000000eb57dfb0,0x00000000eb580000)
  to   space 3584K, 0% used [0x00000000eb580000,0x00000000eb580000,0x00000000eb900000)
 ParOldGen       total 345088K, used 345072K [0x00000000c0000000, 0x00000000d5100000, 0x00000000eab00000)
  object space 345088K, 99% used [0x00000000c0000000,0x00000000d50fc298,0x00000000d5100000)
 Metaspace       used 67028K, committed 68544K, reserved 1114112K
  class space    used 8065K, committed 8704K, reserved 1048576K
}
Event: 17.389 GC heap before
{Heap before GC invocations=319 (full 3):
 PSYoungGen      total 8704K, used 8695K [0x00000000eab00000, 0x00000000eb900000, 0x0000000100000000)
  eden space 7168K, 100% used [0x00000000eab00000,0x00000000eb200000,0x00000000eb200000)
  from space 1536K, 99% used [0x00000000eb400000,0x00000000eb57dfb0,0x00000000eb580000)
  to   space 3584K, 0% used [0x00000000eb580000,0x00000000eb580000,0x00000000eb900000)
 ParOldGen       total 345088K, used 345072K [0x00000000c0000000, 0x00000000d5100000, 0x00000000eab00000)
  object space 345088K, 99% used [0x00000000c0000000,0x00000000d50fc298,0x00000000d5100000)
 Metaspace       used 67126K, committed 68672K, reserved 1114112K
  class space    used 8077K, committed 8768K, reserved 1048576K
}
Event: 17.392 GC heap after
{Heap after GC invocations=319 (full 3):
 PSYoungGen      total 10752K, used 3319K [0x00000000eab00000, 0x00000000eb900000, 0x0000000100000000)
  eden space 7168K, 0% used [0x00000000eab00000,0x00000000eab00000,0x00000000eb200000)
  from space 3584K, 92% used [0x00000000eb580000,0x00000000eb8bdd90,0x00000000eb900000)
  to   space 3584K, 0% used [0x00000000eb200000,0x00000000eb200000,0x00000000eb580000)
 ParOldGen       total 347136K, used 347069K [0x00000000c0000000, 0x00000000d5300000, 0x00000000eab00000)
  object space 347136K, 99% used [0x00000000c0000000,0x00000000d52ef7c8,0x00000000d5300000)
 Metaspace       used 67126K, committed 68672K, reserved 1114112K
  class space    used 8077K, committed 8768K, reserved 1048576K
}
Event: 17.432 GC heap before
{Heap before GC invocations=320 (full 3):
 PSYoungGen      total 10752K, used 10487K [0x00000000eab00000, 0x00000000eb900000, 0x0000000100000000)
  eden space 7168K, 100% used [0x00000000eab00000,0x00000000eb200000,0x00000000eb200000)
  from space 3584K, 92% used [0x00000000eb580000,0x00000000eb8bdd90,0x00000000eb900000)
  to   space 3584K, 0% used [0x00000000eb200000,0x00000000eb200000,0x00000000eb580000)
 ParOldGen       total 347136K, used 347069K [0x00000000c0000000, 0x00000000d5300000, 0x00000000eab00000)
  object space 347136K, 99% used [0x00000000c0000000,0x00000000d52ef7c8,0x00000000d5300000)
 Metaspace       used 67416K, committed 68992K, reserved 1114112K
  class space    used 8116K, committed 8832K, reserved 1048576K
}
Event: 17.436 GC heap after
{Heap after GC invocations=320 (full 3):
 PSYoungGen      total 9728K, used 2483K [0x00000000eab00000, 0x00000000eb800000, 0x0000000100000000)
  eden space 7168K, 0% used [0x00000000eab00000,0x00000000eab00000,0x00000000eb200000)
  from space 2560K, 97% used [0x00000000eb200000,0x00000000eb46cfd0,0x00000000eb480000)
  to   space 3072K, 0% used [0x00000000eb500000,0x00000000eb500000,0x00000000eb800000)
 ParOldGen       total 352256K, used 351663K [0x00000000c0000000, 0x00000000d5800000, 0x00000000eab00000)
  object space 352256K, 99% used [0x00000000c0000000,0x00000000d576bf28,0x00000000d5800000)
 Metaspace       used 67416K, committed 68992K, reserved 1114112K
  class space    used 8116K, committed 8832K, reserved 1048576K
}
Event: 17.548 GC heap before
{Heap before GC invocations=321 (full 3):
 PSYoungGen      total 9728K, used 9294K [0x00000000eab00000, 0x00000000eb800000, 0x0000000100000000)
  eden space 7168K, 95% used [0x00000000eab00000,0x00000000eb1a69c0,0x00000000eb200000)
  from space 2560K, 97% used [0x00000000eb200000,0x00000000eb46cfd0,0x00000000eb480000)
  to   space 3072K, 0% used [0x00000000eb500000,0x00000000eb500000,0x00000000eb800000)
 ParOldGen       total 352256K, used 351663K [0x00000000c0000000, 0x00000000d5800000, 0x00000000eab00000)
  object space 352256K, 99% used [0x00000000c0000000,0x00000000d576bf28,0x00000000d5800000)
 Metaspace       used 67732K, committed 69248K, reserved 1114112K
  class space    used 8160K, committed 8832K, reserved 1048576K
}
Event: 24.692 GC heap after
{Heap after GC invocations=321 (full 3):
 PSYoungGen      total 9728K, used 9294K [0x00000000eab00000, 0x00000000eb800000, 0x0000000100000000)
  eden space 7168K, 95% used [0x00000000eab00000,0x00000000eb1a69c0,0x00000000eb200000)
  from space 2560K, 97% used [0x00000000eb200000,0x00000000eb46cfd0,0x00000000eb480000)
  to   space 3072K, 99% used [0x00000000eb500000,0x00000000eb7fac90,0x00000000eb800000)
 ParOldGen       total 353792K, used 353320K [0x00000000c0000000, 0x00000000d5980000, 0x00000000eab00000)
  object space 353792K, 99% used [0x00000000c0000000,0x00000000d590a160,0x00000000d5980000)
 Metaspace       used 67732K, committed 69248K, reserved 1114112K
  class space    used 8160K, committed 8832K, reserved 1048576K
}
Event: 24.692 GC heap before
{Heap before GC invocations=322 (full 4):
 PSYoungGen      total 9728K, used 9294K [0x00000000eab00000, 0x00000000eb800000, 0x0000000100000000)
  eden space 7168K, 95% used [0x00000000eab00000,0x00000000eb1a69c0,0x00000000eb200000)
  from space 2560K, 97% used [0x00000000eb200000,0x00000000eb46cfd0,0x00000000eb480000)
  to   space 3072K, 99% used [0x00000000eb500000,0x00000000eb7fac90,0x00000000eb800000)
 ParOldGen       total 353792K, used 353320K [0x00000000c0000000, 0x00000000d5980000, 0x00000000eab00000)
  object space 353792K, 99% used [0x00000000c0000000,0x00000000d590a160,0x00000000d5980000)
 Metaspace       used 67732K, committed 69248K, reserved 1114112K
  class space    used 8160K, committed 8832K, reserved 1048576K
}
Event: 25.235 GC heap after
{Heap after GC invocations=322 (full 4):
 PSYoungGen      total 10240K, used 0K [0x00000000eab00000, 0x00000000eb980000, 0x0000000100000000)
  eden space 7168K, 0% used [0x00000000eab00000,0x00000000eab00000,0x00000000eb200000)
  from space 3072K, 0% used [0x00000000eb500000,0x00000000eb500000,0x00000000eb800000)
  to   space 3072K, 0% used [0x00000000eb200000,0x00000000eb200000,0x00000000eb500000)
 ParOldGen       total 354304K, used 319572K [0x00000000c0000000, 0x00000000d5a00000, 0x00000000eab00000)
  object space 354304K, 90% used [0x00000000c0000000,0x00000000d3815378,0x00000000d5a00000)
 Metaspace       used 67732K, committed 69248K, reserved 1114112K
  class space    used 8160K, committed 8832K, reserved 1048576K
}
Event: 25.288 GC heap before
{Heap before GC invocations=323 (full 4):
 PSYoungGen      total 10240K, used 7112K [0x00000000eab00000, 0x00000000eb980000, 0x0000000100000000)
  eden space 7168K, 99% used [0x00000000eab00000,0x00000000eb1f21d8,0x00000000eb200000)
  from space 3072K, 0% used [0x00000000eb500000,0x00000000eb500000,0x00000000eb800000)
  to   space 3072K, 0% used [0x00000000eb200000,0x00000000eb200000,0x00000000eb500000)
 ParOldGen       total 354304K, used 319572K [0x00000000c0000000, 0x00000000d5a00000, 0x00000000eab00000)
  object space 354304K, 90% used [0x00000000c0000000,0x00000000d3815378,0x00000000d5a00000)
 Metaspace       used 67752K, committed 69248K, reserved 1114112K
  class space    used 8163K, committed 8832K, reserved 1048576K
}
Event: 27.307 GC heap after
{Heap after GC invocations=323 (full 4):
 PSYoungGen      total 10240K, used 3059K [0x00000000eab00000, 0x00000000eb980000, 0x0000000100000000)
  eden space 7168K, 0% used [0x00000000eab00000,0x00000000eab00000,0x00000000eb200000)
  from space 3072K, 99% used [0x00000000eb200000,0x00000000eb4fce28,0x00000000eb500000)
  to   space 3072K, 0% used [0x00000000eb500000,0x00000000eb500000,0x00000000eb800000)
 ParOldGen       total 354304K, used 323419K [0x00000000c0000000, 0x00000000d5a00000, 0x00000000eab00000)
  object space 354304K, 91% used [0x00000000c0000000,0x00000000d3bd6c80,0x00000000d5a00000)
 Metaspace       used 67752K, committed 69248K, reserved 1114112K
  class space    used 8163K, committed 8832K, reserved 1048576K
}
Event: 27.370 GC heap before
{Heap before GC invocations=324 (full 4):
 PSYoungGen      total 10240K, used 10227K [0x00000000eab00000, 0x00000000eb980000, 0x0000000100000000)
  eden space 7168K, 100% used [0x00000000eab00000,0x00000000eb200000,0x00000000eb200000)
  from space 3072K, 99% used [0x00000000eb200000,0x00000000eb4fce28,0x00000000eb500000)
  to   space 3072K, 0% used [0x00000000eb500000,0x00000000eb500000,0x00000000eb800000)
 ParOldGen       total 354304K, used 323419K [0x00000000c0000000, 0x00000000d5a00000, 0x00000000eab00000)
  object space 354304K, 91% used [0x00000000c0000000,0x00000000d3bd6c80,0x00000000d5a00000)
 Metaspace       used 67813K, committed 69312K, reserved 1114112K
  class space    used 8178K, committed 8832K, reserved 1048576K
}

