# JRE version: OpenJDK Runtime Environment Temurin-21.0.6+7 (21.0.6+7) (build 21.0.6+7-LTS)
# Java VM: OpenJDK 64-Bit Server VM Temurin-21.0.6+7 (21.0.6+7-LTS, mixed mode, sharing, tiered, compressed oops, compressed class ptrs, parallel gc, windows-amd64)
GC Precious Log:
 CardTable entry size: 512
 CPUs: 8 total, 8 available
 Memory: 7930M
 Large Page Support: Disabled
 NUMA Support: Disabled
 Compressed Oops: Enabled (32-bit)
 Alignments: Space 512K, Generation 512K, Heap 2M
 Heap Min Capacity: 100M
 Heap Initial Capacity: 100M
 Heap Max Capacity: 1G
 Pre-touch: Disabled
 Parallel Workers: 8
Heap:
 PSYoungGen      total 15360K, used 15334K [0x00000000eab00000, 0x00000000ec800000, 0x0000000100000000)
  eden space 12800K, 100% used [0x00000000eab00000,0x00000000eb780000,0x00000000eb780000)
  from space 2560K, 98% used [0x00000000ebd80000,0x00000000ebff98b0,0x00000000ec000000)
  to   space 6144K, 34% used [0x00000000eb780000,0x00000000eb993ff8,0x00000000ebd80000)
 ParOldGen       total 210432K, used 210431K [0x00000000c0000000, 0x00000000ccd80000, 0x00000000eab00000)
  object space 210432K, 99% used [0x00000000c0000000,0x00000000ccd7fcc8,0x00000000ccd80000)
 Metaspace       used 62252K, committed 63616K, reserved 1114112K
  class space    used 7044K, committed 7616K, reserved 1048576K
GC Heap History (20 events):
Event: 12.376 GC heap before
{Heap before GC invocations=132 (full 3):
 PSYoungGen      total 12800K, used 12797K [0x00000000eab00000, 0x00000000ec300000, 0x0000000100000000)
  eden space 10240K, 100% used [0x00000000eab00000,0x00000000eb500000,0x00000000eb500000)
  from space 2560K, 99% used [0x00000000eba80000,0x00000000ebcff558,0x00000000ebd00000)
  to   space 5632K, 0% used [0x00000000eb500000,0x00000000eb500000,0x00000000eba80000)
 ParOldGen       total 202752K, used 189852K [0x00000000c0000000, 0x00000000cc600000, 0x00000000eab00000)
  object space 202752K, 93% used [0x00000000c0000000,0x00000000cb967308,0x00000000cc600000)
 Metaspace       used 60276K, committed 61632K, reserved 1114112K
  class space    used 6856K, committed 7424K, reserved 1048576K
}
Event: 12.379 GC heap after
{Heap after GC invocations=132 (full 3):
 PSYoungGen      total 12800K, used 2137K [0x00000000eab00000, 0x00000000ebd80000, 0x0000000100000000)
  eden space 10240K, 0% used [0x00000000eab00000,0x00000000eab00000,0x00000000eb500000)
  from space 2560K, 83% used [0x00000000eb500000,0x00000000eb716710,0x00000000eb780000)
  to   space 3584K, 0% used [0x00000000eba00000,0x00000000eba00000,0x00000000ebd80000)
 ParOldGen       total 202752K, used 192150K [0x00000000c0000000, 0x00000000cc600000, 0x00000000eab00000)
  object space 202752K, 94% used [0x00000000c0000000,0x00000000cbba5a40,0x00000000cc600000)
 Metaspace       used 60276K, committed 61632K, reserved 1114112K
  class space    used 6856K, committed 7424K, reserved 1048576K
}
Event: 12.389 GC heap before
{Heap before GC invocations=133 (full 3):
 PSYoungGen      total 12800K, used 12377K [0x00000000eab00000, 0x00000000ebd80000, 0x0000000100000000)
  eden space 10240K, 100% used [0x00000000eab00000,0x00000000eb500000,0x00000000eb500000)
  from space 2560K, 83% used [0x00000000eb500000,0x00000000eb716710,0x00000000eb780000)
  to   space 3584K, 0% used [0x00000000eba00000,0x00000000eba00000,0x00000000ebd80000)
 ParOldGen       total 202752K, used 192150K [0x00000000c0000000, 0x00000000cc600000, 0x00000000eab00000)
  object space 202752K, 94% used [0x00000000c0000000,0x00000000cbba5a40,0x00000000cc600000)
 Metaspace       used 60289K, committed 61632K, reserved 1114112K
  class space    used 6856K, committed 7424K, reserved 1048576K
}
Event: 12.392 GC heap after
{Heap after GC invocations=133 (full 3):
 PSYoungGen      total 13824K, used 1987K [0x00000000eab00000, 0x00000000ebc00000, 0x0000000100000000)
  eden space 11776K, 0% used [0x00000000eab00000,0x00000000eab00000,0x00000000eb680000)
  from space 2048K, 97% used [0x00000000eba00000,0x00000000ebbf0fb8,0x00000000ebc00000)
  to   space 2560K, 0% used [0x00000000eb700000,0x00000000eb700000,0x00000000eb980000)
 ParOldGen       total 202752K, used 193254K [0x00000000c0000000, 0x00000000cc600000, 0x00000000eab00000)
  object space 202752K, 95% used [0x00000000c0000000,0x00000000cbcb9b78,0x00000000cc600000)
 Metaspace       used 60289K, committed 61632K, reserved 1114112K
  class space    used 6856K, committed 7424K, reserved 1048576K
}
Event: 12.407 GC heap before
{Heap before GC invocations=134 (full 3):
 PSYoungGen      total 13824K, used 13763K [0x00000000eab00000, 0x00000000ebc00000, 0x0000000100000000)
  eden space 11776K, 100% used [0x00000000eab00000,0x00000000eb680000,0x00000000eb680000)
  from space 2048K, 97% used [0x00000000eba00000,0x00000000ebbf0fb8,0x00000000ebc00000)
  to   space 2560K, 0% used [0x00000000eb700000,0x00000000eb700000,0x00000000eb980000)
 ParOldGen       total 202752K, used 193254K [0x00000000c0000000, 0x00000000cc600000, 0x00000000eab00000)
  object space 202752K, 95% used [0x00000000c0000000,0x00000000cbcb9b78,0x00000000cc600000)
 Metaspace       used 60295K, committed 61632K, reserved 1114112K
  class space    used 6856K, committed 7424K, reserved 1048576K
}
Event: 12.409 GC heap after
{Heap after GC invocations=134 (full 3):
 PSYoungGen      total 14848K, used 2300K [0x00000000eab00000, 0x00000000ebd00000, 0x0000000100000000)
  eden space 12288K, 0% used [0x00000000eab00000,0x00000000eab00000,0x00000000eb700000)
  from space 2560K, 89% used [0x00000000eb700000,0x00000000eb93f098,0x00000000eb980000)
  to   space 2560K, 0% used [0x00000000eba80000,0x00000000eba80000,0x00000000ebd00000)
 ParOldGen       total 202752K, used 194372K [0x00000000c0000000, 0x00000000cc600000, 0x00000000eab00000)
  object space 202752K, 95% used [0x00000000c0000000,0x00000000cbdd10e0,0x00000000cc600000)
 Metaspace       used 60295K, committed 61632K, reserved 1114112K
  class space    used 6856K, committed 7424K, reserved 1048576K
}
Event: 12.419 GC heap before
{Heap before GC invocations=135 (full 3):
 PSYoungGen      total 14848K, used 14588K [0x00000000eab00000, 0x00000000ebd00000, 0x0000000100000000)
  eden space 12288K, 100% used [0x00000000eab00000,0x00000000eb700000,0x00000000eb700000)
  from space 2560K, 89% used [0x00000000eb700000,0x00000000eb93f098,0x00000000eb980000)
  to   space 2560K, 0% used [0x00000000eba80000,0x00000000eba80000,0x00000000ebd00000)
 ParOldGen       total 202752K, used 194372K [0x00000000c0000000, 0x00000000cc600000, 0x00000000eab00000)
  object space 202752K, 95% used [0x00000000c0000000,0x00000000cbdd10e0,0x00000000cc600000)
 Metaspace       used 60296K, committed 61632K, reserved 1114112K
  class space    used 6856K, committed 7424K, reserved 1048576K
}
Event: 12.421 GC heap after
{Heap after GC invocations=135 (full 3):
 PSYoungGen      total 15872K, used 1920K [0x00000000eab00000, 0x00000000ebd80000, 0x0000000100000000)
  eden space 13312K, 0% used [0x00000000eab00000,0x00000000eab00000,0x00000000eb800000)
  from space 2560K, 75% used [0x00000000eba80000,0x00000000ebc60120,0x00000000ebd00000)
  to   space 2560K, 0% used [0x00000000eb800000,0x00000000eb800000,0x00000000eba80000)
 ParOldGen       total 202752K, used 195823K [0x00000000c0000000, 0x00000000cc600000, 0x00000000eab00000)
  object space 202752K, 96% used [0x00000000c0000000,0x00000000cbf3be78,0x00000000cc600000)
 Metaspace       used 60296K, committed 61632K, reserved 1114112K
  class space    used 6856K, committed 7424K, reserved 1048576K
}
Event: 12.439 GC heap before
{Heap before GC invocations=136 (full 3):
 PSYoungGen      total 15872K, used 15232K [0x00000000eab00000, 0x00000000ebd80000, 0x0000000100000000)
  eden space 13312K, 100% used [0x00000000eab00000,0x00000000eb800000,0x00000000eb800000)
  from space 2560K, 75% used [0x00000000eba80000,0x00000000ebc60120,0x00000000ebd00000)
  to   space 2560K, 0% used [0x00000000eb800000,0x00000000eb800000,0x00000000eba80000)
 ParOldGen       total 202752K, used 195823K [0x00000000c0000000, 0x00000000cc600000, 0x00000000eab00000)
  object space 202752K, 96% used [0x00000000c0000000,0x00000000cbf3be78,0x00000000cc600000)
 Metaspace       used 60610K, committed 61952K, reserved 1114112K
  class space    used 6876K, committed 7424K, reserved 1048576K
}
Event: 12.441 GC heap after
{Heap after GC invocations=136 (full 3):
 PSYoungGen      total 15872K, used 1638K [0x00000000eab00000, 0x00000000ebe00000, 0x0000000100000000)
  eden space 13312K, 0% used [0x00000000eab00000,0x00000000eab00000,0x00000000eb800000)
  from space 2560K, 64% used [0x00000000eb800000,0x00000000eb9999f0,0x00000000eba80000)
  to   space 2048K, 0% used [0x00000000ebc00000,0x00000000ebc00000,0x00000000ebe00000)
 ParOldGen       total 202752K, used 196790K [0x00000000c0000000, 0x00000000cc600000, 0x00000000eab00000)
  object space 202752K, 97% used [0x00000000c0000000,0x00000000cc02d868,0x00000000cc600000)
 Metaspace       used 60610K, committed 61952K, reserved 1114112K
  class space    used 6876K, committed 7424K, reserved 1048576K
}
Event: 12.467 GC heap before
{Heap before GC invocations=137 (full 3):
 PSYoungGen      total 15872K, used 14950K [0x00000000eab00000, 0x00000000ebe00000, 0x0000000100000000)
  eden space 13312K, 100% used [0x00000000eab00000,0x00000000eb800000,0x00000000eb800000)
  from space 2560K, 64% used [0x00000000eb800000,0x00000000eb9999f0,0x00000000eba80000)
  to   space 2048K, 0% used [0x00000000ebc00000,0x00000000ebc00000,0x00000000ebe00000)
 ParOldGen       total 202752K, used 196790K [0x00000000c0000000, 0x00000000cc600000, 0x00000000eab00000)
  object space 202752K, 97% used [0x00000000c0000000,0x00000000cc02d868,0x00000000cc600000)
 Metaspace       used 61219K, committed 62528K, reserved 1114112K
  class space    used 6939K, committed 7488K, reserved 1048576K
}
Event: 12.470 GC heap after
{Heap after GC invocations=137 (full 3):
 PSYoungGen      total 15360K, used 2043K [0x00000000eab00000, 0x00000000ec200000, 0x0000000100000000)
  eden space 13312K, 0% used [0x00000000eab00000,0x00000000eab00000,0x00000000eb800000)
  from space 2048K, 99% used [0x00000000ebc00000,0x00000000ebdfec20,0x00000000ebe00000)
  to   space 4096K, 0% used [0x00000000eb800000,0x00000000eb800000,0x00000000ebc00000)
 ParOldGen       total 202752K, used 198389K [0x00000000c0000000, 0x00000000cc600000, 0x00000000eab00000)
  object space 202752K, 97% used [0x00000000c0000000,0x00000000cc1bd708,0x00000000cc600000)
 Metaspace       used 61219K, committed 62528K, reserved 1114112K
  class space    used 6939K, committed 7488K, reserved 1048576K
}
Event: 12.538 GC heap before
{Heap before GC invocations=138 (full 3):
 PSYoungGen      total 15360K, used 15355K [0x00000000eab00000, 0x00000000ec200000, 0x0000000100000000)
  eden space 13312K, 100% used [0x00000000eab00000,0x00000000eb800000,0x00000000eb800000)
  from space 2048K, 99% used [0x00000000ebc00000,0x00000000ebdfec20,0x00000000ebe00000)
  to   space 4096K, 0% used [0x00000000eb800000,0x00000000eb800000,0x00000000ebc00000)
 ParOldGen       total 202752K, used 198389K [0x00000000c0000000, 0x00000000cc600000, 0x00000000eab00000)
  object space 202752K, 97% used [0x00000000c0000000,0x00000000cc1bd708,0x00000000cc600000)
 Metaspace       used 61961K, committed 63360K, reserved 1114112K
  class space    used 6984K, committed 7552K, reserved 1048576K
}
Event: 12.542 GC heap after
{Heap after GC invocations=138 (full 3):
 PSYoungGen      total 17408K, used 3044K [0x00000000eab00000, 0x00000000ec100000, 0x0000000100000000)
  eden space 13312K, 0% used [0x00000000eab00000,0x00000000eab00000,0x00000000eb800000)
  from space 4096K, 74% used [0x00000000eb800000,0x00000000ebaf91a0,0x00000000ebc00000)
  to   space 3584K, 0% used [0x00000000ebd80000,0x00000000ebd80000,0x00000000ec100000)
 ParOldGen       total 202752K, used 200380K [0x00000000c0000000, 0x00000000cc600000, 0x00000000eab00000)
  object space 202752K, 98% used [0x00000000c0000000,0x00000000cc3af0e8,0x00000000cc600000)
 Metaspace       used 61961K, committed 63360K, reserved 1114112K
  class space    used 6984K, committed 7552K, reserved 1048576K
}
Event: 12.611 GC heap before
{Heap before GC invocations=139 (full 3):
 PSYoungGen      total 17408K, used 16356K [0x00000000eab00000, 0x00000000ec100000, 0x0000000100000000)
  eden space 13312K, 100% used [0x00000000eab00000,0x00000000eb800000,0x00000000eb800000)
  from space 4096K, 74% used [0x00000000eb800000,0x00000000ebaf91a0,0x00000000ebc00000)
  to   space 3584K, 0% used [0x00000000ebd80000,0x00000000ebd80000,0x00000000ec100000)
 ParOldGen       total 202752K, used 200380K [0x00000000c0000000, 0x00000000cc600000, 0x00000000eab00000)
  object space 202752K, 98% used [0x00000000c0000000,0x00000000cc3af0e8,0x00000000cc600000)
 Metaspace       used 62053K, committed 63424K, reserved 1114112K
  class space    used 7004K, committed 7552K, reserved 1048576K
}
Event: 12.616 GC heap after
{Heap after GC invocations=139 (full 3):
 PSYoungGen      total 17408K, used 2440K [0x00000000eab00000, 0x00000000ec000000, 0x0000000100000000)
  eden space 14848K, 0% used [0x00000000eab00000,0x00000000eab00000,0x00000000eb980000)
  from space 2560K, 95% used [0x00000000ebd80000,0x00000000ebfe2048,0x00000000ec000000)
  to   space 3072K, 0% used [0x00000000eba00000,0x00000000eba00000,0x00000000ebd00000)
 ParOldGen       total 203264K, used 203234K [0x00000000c0000000, 0x00000000cc680000, 0x00000000eab00000)
  object space 203264K, 99% used [0x00000000c0000000,0x00000000cc678a60,0x00000000cc680000)
 Metaspace       used 62053K, committed 63424K, reserved 1114112K
  class space    used 7004K, committed 7552K, reserved 1048576K
}
Event: 12.657 GC heap before
{Heap before GC invocations=140 (full 3):
 PSYoungGen      total 17408K, used 17249K [0x00000000eab00000, 0x00000000ec000000, 0x0000000100000000)
  eden space 14848K, 99% used [0x00000000eab00000,0x00000000eb9763f8,0x00000000eb980000)
  from space 2560K, 95% used [0x00000000ebd80000,0x00000000ebfe2048,0x00000000ec000000)
  to   space 3072K, 0% used [0x00000000eba00000,0x00000000eba00000,0x00000000ebd00000)
 ParOldGen       total 203264K, used 203234K [0x00000000c0000000, 0x00000000cc680000, 0x00000000eab00000)
  object space 203264K, 99% used [0x00000000c0000000,0x00000000cc678a60,0x00000000cc680000)
 Metaspace       used 62131K, committed 63424K, reserved 1114112K
  class space    used 7027K, committed 7552K, reserved 1048576K
}
Event: 12.662 GC heap after
{Heap after GC invocations=140 (full 3):
 PSYoungGen      total 18432K, used 2396K [0x00000000eab00000, 0x00000000ec000000, 0x0000000100000000)
  eden space 15360K, 0% used [0x00000000eab00000,0x00000000eab00000,0x00000000eba00000)
  from space 3072K, 78% used [0x00000000eba00000,0x00000000ebc570e0,0x00000000ebd00000)
  to   space 2560K, 0% used [0x00000000ebd80000,0x00000000ebd80000,0x00000000ec000000)
 ParOldGen       total 205824K, used 205403K [0x00000000c0000000, 0x00000000cc900000, 0x00000000eab00000)
  object space 205824K, 99% used [0x00000000c0000000,0x00000000cc896df8,0x00000000cc900000)
 Metaspace       used 62131K, committed 63424K, reserved 1114112K
  class space    used 7027K, committed 7552K, reserved 1048576K
}
Event: 12.696 GC heap before
{Heap before GC invocations=141 (full 3):
 PSYoungGen      total 18432K, used 17756K [0x00000000eab00000, 0x00000000ec000000, 0x0000000100000000)
  eden space 15360K, 100% used [0x00000000eab00000,0x00000000eba00000,0x00000000eba00000)
  from space 3072K, 78% used [0x00000000eba00000,0x00000000ebc570e0,0x00000000ebd00000)
  to   space 2560K, 0% used [0x00000000ebd80000,0x00000000ebd80000,0x00000000ec000000)
 ParOldGen       total 205824K, used 205403K [0x00000000c0000000, 0x00000000cc900000, 0x00000000eab00000)
  object space 205824K, 99% used [0x00000000c0000000,0x00000000cc896df8,0x00000000cc900000)
 Metaspace       used 62209K, committed 63552K, reserved 1114112K
  class space    used 7038K, committed 7616K, reserved 1048576K
}
Event: 12.702 GC heap after
{Heap after GC invocations=141 (full 3):
 PSYoungGen      total 15360K, used 2534K [0x00000000eab00000, 0x00000000ec800000, 0x0000000100000000)
  eden space 12800K, 0% used [0x00000000eab00000,0x00000000eab00000,0x00000000eb780000)
  from space 2560K, 98% used [0x00000000ebd80000,0x00000000ebff98b0,0x00000000ec000000)
  to   space 6144K, 0% used [0x00000000eb780000,0x00000000eb780000,0x00000000ebd80000)
 ParOldGen       total 208384K, used 208134K [0x00000000c0000000, 0x00000000ccb80000, 0x00000000eab00000)
  object space 208384K, 99% used [0x00000000c0000000,0x00000000ccb41b40,0x00000000ccb80000)
 Metaspace       used 62209K, committed 63552K, reserved 1114112K
  class space    used 7038K, committed 7616K, reserved 1048576K
}

