# JRE version: OpenJDK Runtime Environment Temurin-21.0.6+7 (21.0.6+7) (build 21.0.6+7-LTS)
# Java VM: OpenJDK 64-Bit Server VM Temurin-21.0.6+7 (21.0.6+7-LTS, mixed mode, sharing, tiered, compressed oops, compressed class ptrs, parallel gc, windows-amd64)
GC Precious Log:
 CardTable entry size: 512
 CPUs: 8 total, 8 available
 Memory: 7930M
 Large Page Support: Disabled
 NUMA Support: Disabled
 Compressed Oops: Enabled (32-bit)
 Alignments: Space 512K, Generation 512K, Heap 2M
 Heap Min Capacity: 100M
 Heap Initial Capacity: 100M
 Heap Max Capacity: 1G
 Pre-touch: Disabled
 Parallel Workers: 8
Heap:
 PSYoungGen      total 23040K, used 7353K [0x00000000eab00000, 0x00000000ec680000, 0x0000000100000000)
  eden space 21504K, 29% used [0x00000000eab00000,0x00000000eb11be88,0x00000000ec000000)
  from space 1536K, 71% used [0x00000000ec500000,0x00000000ec612840,0x00000000ec680000)
  to   space 2560K, 0% used [0x00000000ec180000,0x00000000ec180000,0x00000000ec400000)
 ParOldGen       total 68608K, used 33446K [0x00000000c0000000, 0x00000000c4300000, 0x00000000eab00000)
  object space 68608K, 48% used [0x00000000c0000000,0x00000000c20a9958,0x00000000c4300000)
 Metaspace       used 43103K, committed 44160K, reserved 1114112K
  class space    used 4097K, committed 4608K, reserved 1048576K
GC Heap History (20 events):
Event: 2.989 GC heap before
{Heap before GC invocations=15 (full 1):
 PSYoungGen      total 24576K, used 24324K [0x00000000eab00000, 0x00000000ec780000, 0x0000000100000000)
  eden space 22016K, 100% used [0x00000000eab00000,0x00000000ec080000,0x00000000ec080000)
  from space 2560K, 90% used [0x00000000ec080000,0x00000000ec2c1000,0x00000000ec300000)
  to   space 3584K, 0% used [0x00000000ec400000,0x00000000ec400000,0x00000000ec780000)
 ParOldGen       total 68608K, used 22209K [0x00000000c0000000, 0x00000000c4300000, 0x00000000eab00000)
  object space 68608K, 32% used [0x00000000c0000000,0x00000000c15b0488,0x00000000c4300000)
 Metaspace       used 31844K, committed 32704K, reserved 1114112K
  class space    used 3089K, committed 3456K, reserved 1048576K
}
Event: 2.992 GC heap after
{Heap after GC invocations=15 (full 1):
 PSYoungGen      total 24576K, used 2464K [0x00000000eab00000, 0x00000000ec680000, 0x0000000100000000)
  eden space 22016K, 0% used [0x00000000eab00000,0x00000000eab00000,0x00000000ec080000)
  from space 2560K, 96% used [0x00000000ec400000,0x00000000ec668010,0x00000000ec680000)
  to   space 3072K, 0% used [0x00000000ec080000,0x00000000ec080000,0x00000000ec380000)
 ParOldGen       total 68608K, used 24393K [0x00000000c0000000, 0x00000000c4300000, 0x00000000eab00000)
  object space 68608K, 35% used [0x00000000c0000000,0x00000000c17d2588,0x00000000c4300000)
 Metaspace       used 31844K, committed 32704K, reserved 1114112K
  class space    used 3089K, committed 3456K, reserved 1048576K
}
Event: 3.038 GC heap before
{Heap before GC invocations=16 (full 1):
 PSYoungGen      total 24576K, used 24480K [0x00000000eab00000, 0x00000000ec680000, 0x0000000100000000)
  eden space 22016K, 100% used [0x00000000eab00000,0x00000000ec080000,0x00000000ec080000)
  from space 2560K, 96% used [0x00000000ec400000,0x00000000ec668010,0x00000000ec680000)
  to   space 3072K, 0% used [0x00000000ec080000,0x00000000ec080000,0x00000000ec380000)
 ParOldGen       total 68608K, used 24393K [0x00000000c0000000, 0x00000000c4300000, 0x00000000eab00000)
  object space 68608K, 35% used [0x00000000c0000000,0x00000000c17d2588,0x00000000c4300000)
 Metaspace       used 31882K, committed 32704K, reserved 1114112K
  class space    used 3089K, committed 3456K, reserved 1048576K
}
Event: 3.042 GC heap after
{Heap after GC invocations=16 (full 1):
 PSYoungGen      total 24576K, used 2232K [0x00000000eab00000, 0x00000000ec580000, 0x0000000100000000)
  eden space 22016K, 0% used [0x00000000eab00000,0x00000000eab00000,0x00000000ec080000)
  from space 2560K, 87% used [0x00000000ec080000,0x00000000ec2ae200,0x00000000ec300000)
  to   space 2560K, 0% used [0x00000000ec300000,0x00000000ec300000,0x00000000ec580000)
 ParOldGen       total 68608K, used 26801K [0x00000000c0000000, 0x00000000c4300000, 0x00000000eab00000)
  object space 68608K, 39% used [0x00000000c0000000,0x00000000c1a2c598,0x00000000c4300000)
 Metaspace       used 31882K, committed 32704K, reserved 1114112K
  class space    used 3089K, committed 3456K, reserved 1048576K
}
Event: 3.252 GC heap before
{Heap before GC invocations=17 (full 1):
 PSYoungGen      total 24576K, used 24248K [0x00000000eab00000, 0x00000000ec580000, 0x0000000100000000)
  eden space 22016K, 100% used [0x00000000eab00000,0x00000000ec080000,0x00000000ec080000)
  from space 2560K, 87% used [0x00000000ec080000,0x00000000ec2ae200,0x00000000ec300000)
  to   space 2560K, 0% used [0x00000000ec300000,0x00000000ec300000,0x00000000ec580000)
 ParOldGen       total 68608K, used 26801K [0x00000000c0000000, 0x00000000c4300000, 0x00000000eab00000)
  object space 68608K, 39% used [0x00000000c0000000,0x00000000c1a2c598,0x00000000c4300000)
 Metaspace       used 34177K, committed 35072K, reserved 1114112K
  class space    used 3326K, committed 3712K, reserved 1048576K
}
Event: 3.255 GC heap after
{Heap after GC invocations=17 (full 1):
 PSYoungGen      total 23552K, used 1421K [0x00000000eab00000, 0x00000000ec480000, 0x0000000100000000)
  eden space 22016K, 0% used [0x00000000eab00000,0x00000000eab00000,0x00000000ec080000)
  from space 1536K, 92% used [0x00000000ec300000,0x00000000ec463530,0x00000000ec480000)
  to   space 2048K, 0% used [0x00000000ec080000,0x00000000ec080000,0x00000000ec280000)
 ParOldGen       total 68608K, used 28905K [0x00000000c0000000, 0x00000000c4300000, 0x00000000eab00000)
  object space 68608K, 42% used [0x00000000c0000000,0x00000000c1c3a798,0x00000000c4300000)
 Metaspace       used 34177K, committed 35072K, reserved 1114112K
  class space    used 3326K, committed 3712K, reserved 1048576K
}
Event: 3.303 GC heap before
{Heap before GC invocations=18 (full 1):
 PSYoungGen      total 23552K, used 23437K [0x00000000eab00000, 0x00000000ec480000, 0x0000000100000000)
  eden space 22016K, 100% used [0x00000000eab00000,0x00000000ec080000,0x00000000ec080000)
  from space 1536K, 92% used [0x00000000ec300000,0x00000000ec463530,0x00000000ec480000)
  to   space 2048K, 0% used [0x00000000ec080000,0x00000000ec080000,0x00000000ec280000)
 ParOldGen       total 68608K, used 28905K [0x00000000c0000000, 0x00000000c4300000, 0x00000000eab00000)
  object space 68608K, 42% used [0x00000000c0000000,0x00000000c1c3a798,0x00000000c4300000)
 Metaspace       used 34202K, committed 35072K, reserved 1114112K
  class space    used 3326K, committed 3712K, reserved 1048576K
}
Event: 3.305 GC heap after
{Heap after GC invocations=18 (full 1):
 PSYoungGen      total 23040K, used 969K [0x00000000eab00000, 0x00000000ec380000, 0x0000000100000000)
  eden space 22016K, 0% used [0x00000000eab00000,0x00000000eab00000,0x00000000ec080000)
  from space 1024K, 94% used [0x00000000ec080000,0x00000000ec172688,0x00000000ec180000)
  to   space 1536K, 0% used [0x00000000ec200000,0x00000000ec200000,0x00000000ec380000)
 ParOldGen       total 68608K, used 30035K [0x00000000c0000000, 0x00000000c4300000, 0x00000000eab00000)
  object space 68608K, 43% used [0x00000000c0000000,0x00000000c1d54fb0,0x00000000c4300000)
 Metaspace       used 34202K, committed 35072K, reserved 1114112K
  class space    used 3326K, committed 3712K, reserved 1048576K
}
Event: 3.358 GC heap before
{Heap before GC invocations=19 (full 1):
 PSYoungGen      total 23040K, used 11172K [0x00000000eab00000, 0x00000000ec380000, 0x0000000100000000)
  eden space 22016K, 46% used [0x00000000eab00000,0x00000000eb4f6d48,0x00000000ec080000)
  from space 1024K, 94% used [0x00000000ec080000,0x00000000ec172688,0x00000000ec180000)
  to   space 1536K, 0% used [0x00000000ec200000,0x00000000ec200000,0x00000000ec380000)
 ParOldGen       total 68608K, used 30035K [0x00000000c0000000, 0x00000000c4300000, 0x00000000eab00000)
  object space 68608K, 43% used [0x00000000c0000000,0x00000000c1d54fb0,0x00000000c4300000)
 Metaspace       used 34999K, committed 35840K, reserved 1114112K
  class space    used 3397K, committed 3776K, reserved 1048576K
}
Event: 3.359 GC heap after
{Heap after GC invocations=19 (full 1):
 PSYoungGen      total 22528K, used 256K [0x00000000eab00000, 0x00000000ec280000, 0x0000000100000000)
  eden space 22016K, 0% used [0x00000000eab00000,0x00000000eab00000,0x00000000ec080000)
  from space 512K, 50% used [0x00000000ec200000,0x00000000ec240000,0x00000000ec280000)
  to   space 1024K, 0% used [0x00000000ec080000,0x00000000ec080000,0x00000000ec180000)
 ParOldGen       total 68608K, used 30051K [0x00000000c0000000, 0x00000000c4300000, 0x00000000eab00000)
  object space 68608K, 43% used [0x00000000c0000000,0x00000000c1d58fb0,0x00000000c4300000)
 Metaspace       used 34999K, committed 35840K, reserved 1114112K
  class space    used 3397K, committed 3776K, reserved 1048576K
}
Event: 3.359 GC heap before
{Heap before GC invocations=20 (full 2):
 PSYoungGen      total 22528K, used 256K [0x00000000eab00000, 0x00000000ec280000, 0x0000000100000000)
  eden space 22016K, 0% used [0x00000000eab00000,0x00000000eab00000,0x00000000ec080000)
  from space 512K, 50% used [0x00000000ec200000,0x00000000ec240000,0x00000000ec280000)
  to   space 1024K, 0% used [0x00000000ec080000,0x00000000ec080000,0x00000000ec180000)
 ParOldGen       total 68608K, used 30051K [0x00000000c0000000, 0x00000000c4300000, 0x00000000eab00000)
  object space 68608K, 43% used [0x00000000c0000000,0x00000000c1d58fb0,0x00000000c4300000)
 Metaspace       used 34999K, committed 35840K, reserved 1114112K
  class space    used 3397K, committed 3776K, reserved 1048576K
}
Event: 3.399 GC heap after
{Heap after GC invocations=20 (full 2):
 PSYoungGen      total 22528K, used 0K [0x00000000eab00000, 0x00000000ec280000, 0x0000000100000000)
  eden space 22016K, 0% used [0x00000000eab00000,0x00000000eab00000,0x00000000ec080000)
  from space 512K, 0% used [0x00000000ec200000,0x00000000ec200000,0x00000000ec280000)
  to   space 1024K, 0% used [0x00000000ec080000,0x00000000ec080000,0x00000000ec180000)
 ParOldGen       total 68608K, used 28901K [0x00000000c0000000, 0x00000000c4300000, 0x00000000eab00000)
  object space 68608K, 42% used [0x00000000c0000000,0x00000000c1c39588,0x00000000c4300000)
 Metaspace       used 34999K, committed 35840K, reserved 1114112K
  class space    used 3397K, committed 3776K, reserved 1048576K
}
Event: 3.715 GC heap before
{Heap before GC invocations=21 (full 2):
 PSYoungGen      total 22528K, used 22016K [0x00000000eab00000, 0x00000000ec280000, 0x0000000100000000)
  eden space 22016K, 100% used [0x00000000eab00000,0x00000000ec080000,0x00000000ec080000)
  from space 512K, 0% used [0x00000000ec200000,0x00000000ec200000,0x00000000ec280000)
  to   space 1024K, 0% used [0x00000000ec080000,0x00000000ec080000,0x00000000ec180000)
 ParOldGen       total 68608K, used 28901K [0x00000000c0000000, 0x00000000c4300000, 0x00000000eab00000)
  object space 68608K, 42% used [0x00000000c0000000,0x00000000c1c39588,0x00000000c4300000)
 Metaspace       used 36327K, committed 37248K, reserved 1114112K
  class space    used 3556K, committed 3968K, reserved 1048576K
}
Event: 3.716 GC heap after
{Heap after GC invocations=21 (full 2):
 PSYoungGen      total 23040K, used 480K [0x00000000eab00000, 0x00000000ec280000, 0x0000000100000000)
  eden space 22016K, 0% used [0x00000000eab00000,0x00000000eab00000,0x00000000ec080000)
  from space 1024K, 46% used [0x00000000ec080000,0x00000000ec0f8000,0x00000000ec180000)
  to   space 1024K, 0% used [0x00000000ec180000,0x00000000ec180000,0x00000000ec280000)
 ParOldGen       total 68608K, used 28909K [0x00000000c0000000, 0x00000000c4300000, 0x00000000eab00000)
  object space 68608K, 42% used [0x00000000c0000000,0x00000000c1c3b588,0x00000000c4300000)
 Metaspace       used 36327K, committed 37248K, reserved 1114112K
  class space    used 3556K, committed 3968K, reserved 1048576K
}
Event: 4.628 GC heap before
{Heap before GC invocations=22 (full 2):
 PSYoungGen      total 23040K, used 22496K [0x00000000eab00000, 0x00000000ec280000, 0x0000000100000000)
  eden space 22016K, 100% used [0x00000000eab00000,0x00000000ec080000,0x00000000ec080000)
  from space 1024K, 46% used [0x00000000ec080000,0x00000000ec0f8000,0x00000000ec180000)
  to   space 1024K, 0% used [0x00000000ec180000,0x00000000ec180000,0x00000000ec280000)
 ParOldGen       total 68608K, used 28909K [0x00000000c0000000, 0x00000000c4300000, 0x00000000eab00000)
  object space 68608K, 42% used [0x00000000c0000000,0x00000000c1c3b588,0x00000000c4300000)
 Metaspace       used 38742K, committed 39680K, reserved 1114112K
  class space    used 3765K, committed 4160K, reserved 1048576K
}
Event: 4.630 GC heap after
{Heap after GC invocations=22 (full 2):
 PSYoungGen      total 22528K, used 1008K [0x00000000eab00000, 0x00000000ec380000, 0x0000000100000000)
  eden space 21504K, 0% used [0x00000000eab00000,0x00000000eab00000,0x00000000ec000000)
  from space 1024K, 98% used [0x00000000ec180000,0x00000000ec27c360,0x00000000ec280000)
  to   space 1536K, 0% used [0x00000000ec000000,0x00000000ec000000,0x00000000ec180000)
 ParOldGen       total 68608K, used 29261K [0x00000000c0000000, 0x00000000c4300000, 0x00000000eab00000)
  object space 68608K, 42% used [0x00000000c0000000,0x00000000c1c93588,0x00000000c4300000)
 Metaspace       used 38742K, committed 39680K, reserved 1114112K
  class space    used 3765K, committed 4160K, reserved 1048576K
}
Event: 5.087 GC heap before
{Heap before GC invocations=23 (full 2):
 PSYoungGen      total 22528K, used 22512K [0x00000000eab00000, 0x00000000ec380000, 0x0000000100000000)
  eden space 21504K, 100% used [0x00000000eab00000,0x00000000ec000000,0x00000000ec000000)
  from space 1024K, 98% used [0x00000000ec180000,0x00000000ec27c360,0x00000000ec280000)
  to   space 1536K, 0% used [0x00000000ec000000,0x00000000ec000000,0x00000000ec180000)
 ParOldGen       total 68608K, used 29261K [0x00000000c0000000, 0x00000000c4300000, 0x00000000eab00000)
  object space 68608K, 42% used [0x00000000c0000000,0x00000000c1c93588,0x00000000c4300000)
 Metaspace       used 41531K, committed 42560K, reserved 1114112K
  class space    used 4017K, committed 4544K, reserved 1048576K
}
Event: 5.090 GC heap after
{Heap after GC invocations=23 (full 2):
 PSYoungGen      total 23040K, used 1521K [0x00000000eab00000, 0x00000000eca00000, 0x0000000100000000)
  eden space 21504K, 0% used [0x00000000eab00000,0x00000000eab00000,0x00000000ec000000)
  from space 1536K, 99% used [0x00000000ec000000,0x00000000ec17c600,0x00000000ec180000)
  to   space 5120K, 0% used [0x00000000ec500000,0x00000000ec500000,0x00000000eca00000)
 ParOldGen       total 68608K, used 31955K [0x00000000c0000000, 0x00000000c4300000, 0x00000000eab00000)
  object space 68608K, 46% used [0x00000000c0000000,0x00000000c1f34c08,0x00000000c4300000)
 Metaspace       used 41531K, committed 42560K, reserved 1114112K
  class space    used 4017K, committed 4544K, reserved 1048576K
}
Event: 5.805 GC heap before
{Heap before GC invocations=24 (full 2):
 PSYoungGen      total 23040K, used 23025K [0x00000000eab00000, 0x00000000eca00000, 0x0000000100000000)
  eden space 21504K, 100% used [0x00000000eab00000,0x00000000ec000000,0x00000000ec000000)
  from space 1536K, 99% used [0x00000000ec000000,0x00000000ec17c600,0x00000000ec180000)
  to   space 5120K, 0% used [0x00000000ec500000,0x00000000ec500000,0x00000000eca00000)
 ParOldGen       total 68608K, used 31955K [0x00000000c0000000, 0x00000000c4300000, 0x00000000eab00000)
  object space 68608K, 46% used [0x00000000c0000000,0x00000000c1f34c08,0x00000000c4300000)
 Metaspace       used 43034K, committed 44096K, reserved 1114112K
  class space    used 4096K, committed 4608K, reserved 1048576K
}
Event: 5.808 GC heap after
{Heap after GC invocations=24 (full 2):
 PSYoungGen      total 23040K, used 1098K [0x00000000eab00000, 0x00000000ec680000, 0x0000000100000000)
  eden space 21504K, 0% used [0x00000000eab00000,0x00000000eab00000,0x00000000ec000000)
  from space 1536K, 71% used [0x00000000ec500000,0x00000000ec612840,0x00000000ec680000)
  to   space 2560K, 0% used [0x00000000ec180000,0x00000000ec180000,0x00000000ec400000)
 ParOldGen       total 68608K, used 33446K [0x00000000c0000000, 0x00000000c4300000, 0x00000000eab00000)
  object space 68608K, 48% used [0x00000000c0000000,0x00000000c20a9958,0x00000000c4300000)
 Metaspace       used 43034K, committed 44096K, reserved 1114112K
  class space    used 4096K, committed 4608K, reserved 1048576K
}

