# JRE version: OpenJDK Runtime Environment Temurin-21.0.6+7 (21.0.6+7) (build 21.0.6+7-LTS)
# Java VM: OpenJDK 64-Bit Server VM Temurin-21.0.6+7 (21.0.6+7-LTS, mixed mode, sharing, tiered, compressed oops, compressed class ptrs, parallel gc, windows-amd64)
GC Precious Log:
 CardTable entry size: 512
 CPUs: 8 total, 8 available
 Memory: 7930M
 Large Page Support: Disabled
 NUMA Support: Disabled
 Compressed Oops: Enabled (32-bit)
 Alignments: Space 512K, Generation 512K, Heap 2M
 Heap Min Capacity: 100M
 Heap Initial Capacity: 100M
 Heap Max Capacity: 1G
 Pre-touch: Disabled
 Parallel Workers: 8
Heap:
 PSYoungGen      total 19456K, used 14082K [0x00000000eab00000, 0x00000000ec080000, 0x0000000100000000)
  eden space 17920K, 71% used [0x00000000eab00000,0x00000000eb784438,0x00000000ebc80000)
  from space 1536K, 82% used [0x00000000ebd80000,0x00000000ebebc770,0x00000000ebf00000)
  to   space 1536K, 0% used [0x00000000ebf00000,0x00000000ebf00000,0x00000000ec080000)
 ParOldGen       total 68608K, used 37072K [0x00000000c0000000, 0x00000000c4300000, 0x00000000eab00000)
  object space 68608K, 54% used [0x00000000c0000000,0x00000000c2434238,0x00000000c4300000)
 Metaspace       used 44893K, committed 46016K, reserved 1114112K
  class space    used 4246K, committed 4736K, reserved 1048576K
GC Heap History (20 events):
Event: 7.477 GC heap before
{Heap before GC invocations=18 (full 1):
 PSYoungGen      total 24576K, used 24174K [0x00000000eab00000, 0x00000000ec580000, 0x0000000100000000)
  eden space 22016K, 99% used [0x00000000eab00000,0x00000000ec055f38,0x00000000ec080000)
  from space 2560K, 90% used [0x00000000ec300000,0x00000000ec545c90,0x00000000ec580000)
  to   space 2560K, 0% used [0x00000000ec080000,0x00000000ec080000,0x00000000ec300000)
 ParOldGen       total 68608K, used 29002K [0x00000000c0000000, 0x00000000c4300000, 0x00000000eab00000)
  object space 68608K, 42% used [0x00000000c0000000,0x00000000c1c52890,0x00000000c4300000)
 Metaspace       used 34553K, committed 35520K, reserved 1114112K
  class space    used 3368K, committed 3776K, reserved 1048576K
}
Event: 7.479 GC heap after
{Heap after GC invocations=18 (full 1):
 PSYoungGen      total 23040K, used 969K [0x00000000eab00000, 0x00000000ec380000, 0x0000000100000000)
  eden space 22016K, 0% used [0x00000000eab00000,0x00000000eab00000,0x00000000ec080000)
  from space 1024K, 94% used [0x00000000ec080000,0x00000000ec172640,0x00000000ec180000)
  to   space 1536K, 0% used [0x00000000ec200000,0x00000000ec200000,0x00000000ec380000)
 ParOldGen       total 68608K, used 30544K [0x00000000c0000000, 0x00000000c4300000, 0x00000000eab00000)
  object space 68608K, 44% used [0x00000000c0000000,0x00000000c1dd4350,0x00000000c4300000)
 Metaspace       used 34553K, committed 35520K, reserved 1114112K
  class space    used 3368K, committed 3776K, reserved 1048576K
}
Event: 7.507 GC heap before
{Heap before GC invocations=19 (full 1):
 PSYoungGen      total 23040K, used 13326K [0x00000000eab00000, 0x00000000ec380000, 0x0000000100000000)
  eden space 22016K, 56% used [0x00000000eab00000,0x00000000eb7114f8,0x00000000ec080000)
  from space 1024K, 94% used [0x00000000ec080000,0x00000000ec172640,0x00000000ec180000)
  to   space 1536K, 0% used [0x00000000ec200000,0x00000000ec200000,0x00000000ec380000)
 ParOldGen       total 68608K, used 30544K [0x00000000c0000000, 0x00000000c4300000, 0x00000000eab00000)
  object space 68608K, 44% used [0x00000000c0000000,0x00000000c1dd4350,0x00000000c4300000)
 Metaspace       used 34872K, committed 35840K, reserved 1114112K
  class space    used 3389K, committed 3840K, reserved 1048576K
}
Event: 7.508 GC heap after
{Heap after GC invocations=19 (full 1):
 PSYoungGen      total 22528K, used 160K [0x00000000eab00000, 0x00000000ec280000, 0x0000000100000000)
  eden space 22016K, 0% used [0x00000000eab00000,0x00000000eab00000,0x00000000ec080000)
  from space 512K, 31% used [0x00000000ec200000,0x00000000ec228000,0x00000000ec280000)
  to   space 1024K, 0% used [0x00000000ec080000,0x00000000ec080000,0x00000000ec180000)
 ParOldGen       total 68608K, used 30568K [0x00000000c0000000, 0x00000000c4300000, 0x00000000eab00000)
  object space 68608K, 44% used [0x00000000c0000000,0x00000000c1dda350,0x00000000c4300000)
 Metaspace       used 34872K, committed 35840K, reserved 1114112K
  class space    used 3389K, committed 3840K, reserved 1048576K
}
Event: 7.508 GC heap before
{Heap before GC invocations=20 (full 2):
 PSYoungGen      total 22528K, used 160K [0x00000000eab00000, 0x00000000ec280000, 0x0000000100000000)
  eden space 22016K, 0% used [0x00000000eab00000,0x00000000eab00000,0x00000000ec080000)
  from space 512K, 31% used [0x00000000ec200000,0x00000000ec228000,0x00000000ec280000)
  to   space 1024K, 0% used [0x00000000ec080000,0x00000000ec080000,0x00000000ec180000)
 ParOldGen       total 68608K, used 30568K [0x00000000c0000000, 0x00000000c4300000, 0x00000000eab00000)
  object space 68608K, 44% used [0x00000000c0000000,0x00000000c1dda350,0x00000000c4300000)
 Metaspace       used 34872K, committed 35840K, reserved 1114112K
  class space    used 3389K, committed 3840K, reserved 1048576K
}
Event: 7.545 GC heap after
{Heap after GC invocations=20 (full 2):
 PSYoungGen      total 22528K, used 0K [0x00000000eab00000, 0x00000000ec280000, 0x0000000100000000)
  eden space 22016K, 0% used [0x00000000eab00000,0x00000000eab00000,0x00000000ec080000)
  from space 512K, 0% used [0x00000000ec200000,0x00000000ec200000,0x00000000ec280000)
  to   space 1024K, 0% used [0x00000000ec080000,0x00000000ec080000,0x00000000ec180000)
 ParOldGen       total 68608K, used 29332K [0x00000000c0000000, 0x00000000c4300000, 0x00000000eab00000)
  object space 68608K, 42% used [0x00000000c0000000,0x00000000c1ca51a0,0x00000000c4300000)
 Metaspace       used 34842K, committed 35840K, reserved 1114112K
  class space    used 3381K, committed 3840K, reserved 1048576K
}
Event: 7.844 GC heap before
{Heap before GC invocations=21 (full 2):
 PSYoungGen      total 22528K, used 22016K [0x00000000eab00000, 0x00000000ec280000, 0x0000000100000000)
  eden space 22016K, 100% used [0x00000000eab00000,0x00000000ec080000,0x00000000ec080000)
  from space 512K, 0% used [0x00000000ec200000,0x00000000ec200000,0x00000000ec280000)
  to   space 1024K, 0% used [0x00000000ec080000,0x00000000ec080000,0x00000000ec180000)
 ParOldGen       total 68608K, used 29332K [0x00000000c0000000, 0x00000000c4300000, 0x00000000eab00000)
  object space 68608K, 42% used [0x00000000c0000000,0x00000000c1ca51a0,0x00000000c4300000)
 Metaspace       used 36423K, committed 37376K, reserved 1114112K
  class space    used 3573K, committed 3968K, reserved 1048576K
}
Event: 7.845 GC heap after
{Heap after GC invocations=21 (full 2):
 PSYoungGen      total 23040K, used 480K [0x00000000eab00000, 0x00000000ec280000, 0x0000000100000000)
  eden space 22016K, 0% used [0x00000000eab00000,0x00000000eab00000,0x00000000ec080000)
  from space 1024K, 46% used [0x00000000ec080000,0x00000000ec0f8000,0x00000000ec180000)
  to   space 1024K, 0% used [0x00000000ec180000,0x00000000ec180000,0x00000000ec280000)
 ParOldGen       total 68608K, used 29340K [0x00000000c0000000, 0x00000000c4300000, 0x00000000eab00000)
  object space 68608K, 42% used [0x00000000c0000000,0x00000000c1ca71a0,0x00000000c4300000)
 Metaspace       used 36423K, committed 37376K, reserved 1114112K
  class space    used 3573K, committed 3968K, reserved 1048576K
}
Event: 8.104 GC heap before
{Heap before GC invocations=22 (full 2):
 PSYoungGen      total 23040K, used 22496K [0x00000000eab00000, 0x00000000ec280000, 0x0000000100000000)
  eden space 22016K, 100% used [0x00000000eab00000,0x00000000ec080000,0x00000000ec080000)
  from space 1024K, 46% used [0x00000000ec080000,0x00000000ec0f8000,0x00000000ec180000)
  to   space 1024K, 0% used [0x00000000ec180000,0x00000000ec180000,0x00000000ec280000)
 ParOldGen       total 68608K, used 29340K [0x00000000c0000000, 0x00000000c4300000, 0x00000000eab00000)
  object space 68608K, 42% used [0x00000000c0000000,0x00000000c1ca71a0,0x00000000c4300000)
 Metaspace       used 38518K, committed 39424K, reserved 1114112K
  class space    used 3767K, committed 4160K, reserved 1048576K
}
Event: 8.106 GC heap after
{Heap after GC invocations=22 (full 2):
 PSYoungGen      total 22528K, used 992K [0x00000000eab00000, 0x00000000ec380000, 0x0000000100000000)
  eden space 21504K, 0% used [0x00000000eab00000,0x00000000eab00000,0x00000000ec000000)
  from space 1024K, 96% used [0x00000000ec180000,0x00000000ec2781b8,0x00000000ec280000)
  to   space 1536K, 0% used [0x00000000ec000000,0x00000000ec000000,0x00000000ec180000)
 ParOldGen       total 68608K, used 29668K [0x00000000c0000000, 0x00000000c4300000, 0x00000000eab00000)
  object space 68608K, 43% used [0x00000000c0000000,0x00000000c1cf91a0,0x00000000c4300000)
 Metaspace       used 38518K, committed 39424K, reserved 1114112K
  class space    used 3767K, committed 4160K, reserved 1048576K
}
Event: 8.639 GC heap before
{Heap before GC invocations=23 (full 2):
 PSYoungGen      total 22528K, used 22496K [0x00000000eab00000, 0x00000000ec380000, 0x0000000100000000)
  eden space 21504K, 100% used [0x00000000eab00000,0x00000000ec000000,0x00000000ec000000)
  from space 1024K, 96% used [0x00000000ec180000,0x00000000ec2781b8,0x00000000ec280000)
  to   space 1536K, 0% used [0x00000000ec000000,0x00000000ec000000,0x00000000ec180000)
 ParOldGen       total 68608K, used 29668K [0x00000000c0000000, 0x00000000c4300000, 0x00000000eab00000)
  object space 68608K, 43% used [0x00000000c0000000,0x00000000c1cf91a0,0x00000000c4300000)
 Metaspace       used 39392K, committed 40320K, reserved 1114112K
  class space    used 3814K, committed 4224K, reserved 1048576K
}
Event: 8.642 GC heap after
{Heap after GC invocations=23 (full 2):
 PSYoungGen      total 22528K, used 555K [0x00000000eab00000, 0x00000000ec200000, 0x0000000100000000)
  eden space 21504K, 0% used [0x00000000eab00000,0x00000000eab00000,0x00000000ec000000)
  from space 1024K, 54% used [0x00000000ec000000,0x00000000ec08ad90,0x00000000ec100000)
  to   space 1024K, 0% used [0x00000000ec100000,0x00000000ec100000,0x00000000ec200000)
 ParOldGen       total 68608K, used 30528K [0x00000000c0000000, 0x00000000c4300000, 0x00000000eab00000)
  object space 68608K, 44% used [0x00000000c0000000,0x00000000c1dd0388,0x00000000c4300000)
 Metaspace       used 39392K, committed 40320K, reserved 1114112K
  class space    used 3814K, committed 4224K, reserved 1048576K
}
Event: 9.148 GC heap before
{Heap before GC invocations=24 (full 2):
 PSYoungGen      total 22528K, used 22059K [0x00000000eab00000, 0x00000000ec200000, 0x0000000100000000)
  eden space 21504K, 100% used [0x00000000eab00000,0x00000000ec000000,0x00000000ec000000)
  from space 1024K, 54% used [0x00000000ec000000,0x00000000ec08ad90,0x00000000ec100000)
  to   space 1024K, 0% used [0x00000000ec100000,0x00000000ec100000,0x00000000ec200000)
 ParOldGen       total 68608K, used 30528K [0x00000000c0000000, 0x00000000c4300000, 0x00000000eab00000)
  object space 68608K, 44% used [0x00000000c0000000,0x00000000c1dd0388,0x00000000c4300000)
 Metaspace       used 41542K, committed 42560K, reserved 1114112K
  class space    used 4034K, committed 4544K, reserved 1048576K
}
Event: 9.152 GC heap after
{Heap after GC invocations=24 (full 2):
 PSYoungGen      total 18944K, used 1014K [0x00000000eab00000, 0x00000000ec900000, 0x0000000100000000)
  eden space 17920K, 0% used [0x00000000eab00000,0x00000000eab00000,0x00000000ebc80000)
  from space 1024K, 99% used [0x00000000ec100000,0x00000000ec1fda38,0x00000000ec200000)
  to   space 4608K, 0% used [0x00000000ebc80000,0x00000000ebc80000,0x00000000ec100000)
 ParOldGen       total 68608K, used 33177K [0x00000000c0000000, 0x00000000c4300000, 0x00000000eab00000)
  object space 68608K, 48% used [0x00000000c0000000,0x00000000c20667b0,0x00000000c4300000)
 Metaspace       used 41542K, committed 42560K, reserved 1114112K
  class space    used 4034K, committed 4544K, reserved 1048576K
}
Event: 10.149 GC heap before
{Heap before GC invocations=25 (full 2):
 PSYoungGen      total 18944K, used 18934K [0x00000000eab00000, 0x00000000ec900000, 0x0000000100000000)
  eden space 17920K, 100% used [0x00000000eab00000,0x00000000ebc80000,0x00000000ebc80000)
  from space 1024K, 99% used [0x00000000ec100000,0x00000000ec1fda38,0x00000000ec200000)
  to   space 4608K, 0% used [0x00000000ebc80000,0x00000000ebc80000,0x00000000ec100000)
 ParOldGen       total 68608K, used 33177K [0x00000000c0000000, 0x00000000c4300000, 0x00000000eab00000)
  object space 68608K, 48% used [0x00000000c0000000,0x00000000c20667b0,0x00000000c4300000)
 Metaspace       used 43632K, committed 44736K, reserved 1114112K
  class space    used 4186K, committed 4736K, reserved 1048576K
}
Event: 10.165 GC heap after
{Heap after GC invocations=25 (full 2):
 PSYoungGen      total 20992K, used 2901K [0x00000000eab00000, 0x00000000ec380000, 0x0000000100000000)
  eden space 17920K, 0% used [0x00000000eab00000,0x00000000eab00000,0x00000000ebc80000)
  from space 3072K, 94% used [0x00000000ebc80000,0x00000000ebf55430,0x00000000ebf80000)
  to   space 3584K, 0% used [0x00000000ec000000,0x00000000ec000000,0x00000000ec380000)
 ParOldGen       total 68608K, used 34216K [0x00000000c0000000, 0x00000000c4300000, 0x00000000eab00000)
  object space 68608K, 49% used [0x00000000c0000000,0x00000000c216a1e8,0x00000000c4300000)
 Metaspace       used 43632K, committed 44736K, reserved 1114112K
  class space    used 4186K, committed 4736K, reserved 1048576K
}
Event: 10.907 GC heap before
{Heap before GC invocations=26 (full 2):
 PSYoungGen      total 20992K, used 20821K [0x00000000eab00000, 0x00000000ec380000, 0x0000000100000000)
  eden space 17920K, 100% used [0x00000000eab00000,0x00000000ebc80000,0x00000000ebc80000)
  from space 3072K, 94% used [0x00000000ebc80000,0x00000000ebf55430,0x00000000ebf80000)
  to   space 3584K, 0% used [0x00000000ec000000,0x00000000ec000000,0x00000000ec380000)
 ParOldGen       total 68608K, used 34216K [0x00000000c0000000, 0x00000000c4300000, 0x00000000eab00000)
  object space 68608K, 49% used [0x00000000c0000000,0x00000000c216a1e8,0x00000000c4300000)
 Metaspace       used 44050K, committed 45184K, reserved 1114112K
  class space    used 4196K, committed 4736K, reserved 1048576K
}
Event: 10.909 GC heap after
{Heap after GC invocations=26 (full 2):
 PSYoungGen      total 18432K, used 288K [0x00000000eab00000, 0x00000000ec080000, 0x0000000100000000)
  eden space 17920K, 0% used [0x00000000eab00000,0x00000000eab00000,0x00000000ebc80000)
  from space 512K, 56% used [0x00000000ec000000,0x00000000ec048000,0x00000000ec080000)
  to   space 1536K, 0% used [0x00000000ebd80000,0x00000000ebd80000,0x00000000ebf00000)
 ParOldGen       total 68608K, used 37000K [0x00000000c0000000, 0x00000000c4300000, 0x00000000eab00000)
  object space 68608K, 53% used [0x00000000c0000000,0x00000000c2422238,0x00000000c4300000)
 Metaspace       used 44050K, committed 45184K, reserved 1114112K
  class space    used 4196K, committed 4736K, reserved 1048576K
}
Event: 16.728 GC heap before
{Heap before GC invocations=27 (full 2):
 PSYoungGen      total 18432K, used 18207K [0x00000000eab00000, 0x00000000ec080000, 0x0000000100000000)
  eden space 17920K, 99% used [0x00000000eab00000,0x00000000ebc7fff0,0x00000000ebc80000)
  from space 512K, 56% used [0x00000000ec000000,0x00000000ec048000,0x00000000ec080000)
  to   space 1536K, 0% used [0x00000000ebd80000,0x00000000ebd80000,0x00000000ebf00000)
 ParOldGen       total 68608K, used 37000K [0x00000000c0000000, 0x00000000c4300000, 0x00000000eab00000)
  object space 68608K, 53% used [0x00000000c0000000,0x00000000c2422238,0x00000000c4300000)
 Metaspace       used 44278K, committed 45440K, reserved 1114112K
  class space    used 4197K, committed 4736K, reserved 1048576K
}
Event: 16.729 GC heap after
{Heap after GC invocations=27 (full 2):
 PSYoungGen      total 19456K, used 1265K [0x00000000eab00000, 0x00000000ec080000, 0x0000000100000000)
  eden space 17920K, 0% used [0x00000000eab00000,0x00000000eab00000,0x00000000ebc80000)
  from space 1536K, 82% used [0x00000000ebd80000,0x00000000ebebc770,0x00000000ebf00000)
  to   space 1536K, 0% used [0x00000000ebf00000,0x00000000ebf00000,0x00000000ec080000)
 ParOldGen       total 68608K, used 37072K [0x00000000c0000000, 0x00000000c4300000, 0x00000000eab00000)
  object space 68608K, 54% used [0x00000000c0000000,0x00000000c2434238,0x00000000c4300000)
 Metaspace       used 44278K, committed 45440K, reserved 1114112K
  class space    used 4197K, committed 4736K, reserved 1048576K
}

