# JRE version: OpenJDK Runtime Environment Temurin-21.0.6+7 (21.0.6+7) (build 21.0.6+7-LTS)
# Java VM: OpenJDK 64-Bit Server VM Temurin-21.0.6+7 (21.0.6+7-LTS, mixed mode, sharing, tiered, compressed oops, compressed class ptrs, parallel gc, windows-amd64)
GC Precious Log:
 CardTable entry size: 512
 CPUs: 8 total, 8 available
 Memory: 7930M
 Large Page Support: Disabled
 NUMA Support: Disabled
 Compressed Oops: Enabled (32-bit)
 Alignments: Space 512K, Generation 512K, Heap 2M
 Heap Min Capacity: 100M
 Heap Initial Capacity: 100M
 Heap Max Capacity: 1G
 Pre-touch: Disabled
 Parallel Workers: 8
Heap:
 PSYoungGen      total 24064K, used 24016K [0x00000000eab00000, 0x00000000eca80000, 0x0000000100000000)
  eden space 18432K, 99% used [0x00000000eab00000,0x00000000ebcfb600,0x00000000ebd00000)
  from space 5632K, 99% used [0x00000000ebd00000,0x00000000ec278d00,0x00000000ec280000)
  to   space 6144K, 64% used [0x00000000ec480000,0x00000000ec858e50,0x00000000eca80000)
 ParOldGen       total 276480K, used 276479K [0x00000000c0000000, 0x00000000d0e00000, 0x00000000eab00000)
  object space 276480K, 99% used [0x00000000c0000000,0x00000000d0dffd30,0x00000000d0e00000)
 Metaspace       used 62041K, committed 63488K, reserved 1114112K
  class space    used 7007K, committed 7616K, reserved 1048576K
GC Heap History (20 events):
Event: 13.185 GC heap after
{Heap after GC invocations=203 (full 3):
 PSYoungGen      total 12288K, used 2542K [0x00000000eab00000, 0x00000000ec480000, 0x0000000100000000)
  eden space 9728K, 0% used [0x00000000eab00000,0x00000000eab00000,0x00000000eb480000)
  from space 2560K, 99% used [0x00000000eba80000,0x00000000ebcfba48,0x00000000ebd00000)
  to   space 6144K, 0% used [0x00000000eb480000,0x00000000eb480000,0x00000000eba80000)
 ParOldGen       total 262144K, used 254326K [0x00000000c0000000, 0x00000000d0000000, 0x00000000eab00000)
  object space 262144K, 97% used [0x00000000c0000000,0x00000000cf85d808,0x00000000d0000000)
 Metaspace       used 60267K, committed 61696K, reserved 1114112K
  class space    used 6856K, committed 7424K, reserved 1048576K
}
Event: 13.208 GC heap before
{Heap before GC invocations=204 (full 3):
 PSYoungGen      total 12288K, used 12270K [0x00000000eab00000, 0x00000000ec480000, 0x0000000100000000)
  eden space 9728K, 99% used [0x00000000eab00000,0x00000000eb47ffc8,0x00000000eb480000)
  from space 2560K, 99% used [0x00000000eba80000,0x00000000ebcfba48,0x00000000ebd00000)
  to   space 6144K, 0% used [0x00000000eb480000,0x00000000eb480000,0x00000000eba80000)
 ParOldGen       total 262144K, used 254326K [0x00000000c0000000, 0x00000000d0000000, 0x00000000eab00000)
  object space 262144K, 97% used [0x00000000c0000000,0x00000000cf85d808,0x00000000d0000000)
 Metaspace       used 60283K, committed 61696K, reserved 1114112K
  class space    used 6856K, committed 7424K, reserved 1048576K
}
Event: 13.212 GC heap after
{Heap after GC invocations=204 (full 3):
 PSYoungGen      total 11776K, used 1823K [0x00000000eab00000, 0x00000000ebd00000, 0x0000000100000000)
  eden space 9728K, 0% used [0x00000000eab00000,0x00000000eab00000,0x00000000eb480000)
  from space 2048K, 89% used [0x00000000eb480000,0x00000000eb647c08,0x00000000eb680000)
  to   space 3584K, 0% used [0x00000000eb980000,0x00000000eb980000,0x00000000ebd00000)
 ParOldGen       total 262144K, used 256193K [0x00000000c0000000, 0x00000000d0000000, 0x00000000eab00000)
  object space 262144K, 97% used [0x00000000c0000000,0x00000000cfa30770,0x00000000d0000000)
 Metaspace       used 60283K, committed 61696K, reserved 1114112K
  class space    used 6856K, committed 7424K, reserved 1048576K
}
Event: 13.267 GC heap before
{Heap before GC invocations=205 (full 3):
 PSYoungGen      total 11776K, used 11551K [0x00000000eab00000, 0x00000000ebd00000, 0x0000000100000000)
  eden space 9728K, 100% used [0x00000000eab00000,0x00000000eb480000,0x00000000eb480000)
  from space 2048K, 89% used [0x00000000eb480000,0x00000000eb647c08,0x00000000eb680000)
  to   space 3584K, 0% used [0x00000000eb980000,0x00000000eb980000,0x00000000ebd00000)
 ParOldGen       total 262144K, used 256193K [0x00000000c0000000, 0x00000000d0000000, 0x00000000eab00000)
  object space 262144K, 97% used [0x00000000c0000000,0x00000000cfa30770,0x00000000d0000000)
 Metaspace       used 60283K, committed 61696K, reserved 1114112K
  class space    used 6856K, committed 7424K, reserved 1048576K
}
Event: 13.271 GC heap after
{Heap after GC invocations=205 (full 3):
 PSYoungGen      total 13824K, used 2339K [0x00000000eab00000, 0x00000000ebc00000, 0x0000000100000000)
  eden space 11264K, 0% used [0x00000000eab00000,0x00000000eab00000,0x00000000eb600000)
  from space 2560K, 91% used [0x00000000eb980000,0x00000000ebbc8fc8,0x00000000ebc00000)
  to   space 2560K, 0% used [0x00000000eb700000,0x00000000eb700000,0x00000000eb980000)
 ParOldGen       total 262144K, used 256973K [0x00000000c0000000, 0x00000000d0000000, 0x00000000eab00000)
  object space 262144K, 98% used [0x00000000c0000000,0x00000000cfaf35a8,0x00000000d0000000)
 Metaspace       used 60283K, committed 61696K, reserved 1114112K
  class space    used 6856K, committed 7424K, reserved 1048576K
}
Event: 13.319 GC heap before
{Heap before GC invocations=206 (full 3):
 PSYoungGen      total 13824K, used 13467K [0x00000000eab00000, 0x00000000ebc00000, 0x0000000100000000)
  eden space 11264K, 98% used [0x00000000eab00000,0x00000000eb5ddc40,0x00000000eb600000)
  from space 2560K, 91% used [0x00000000eb980000,0x00000000ebbc8fc8,0x00000000ebc00000)
  to   space 2560K, 0% used [0x00000000eb700000,0x00000000eb700000,0x00000000eb980000)
 ParOldGen       total 262144K, used 256973K [0x00000000c0000000, 0x00000000d0000000, 0x00000000eab00000)
  object space 262144K, 98% used [0x00000000c0000000,0x00000000cfaf35a8,0x00000000d0000000)
 Metaspace       used 60367K, committed 61760K, reserved 1114112K
  class space    used 6867K, committed 7424K, reserved 1048576K
}
Event: 13.323 GC heap after
{Heap after GC invocations=206 (full 3):
 PSYoungGen      total 14848K, used 1244K [0x00000000eab00000, 0x00000000ebb80000, 0x0000000100000000)
  eden space 12288K, 0% used [0x00000000eab00000,0x00000000eab00000,0x00000000eb700000)
  from space 2560K, 48% used [0x00000000eb700000,0x00000000eb837390,0x00000000eb980000)
  to   space 2048K, 0% used [0x00000000eb980000,0x00000000eb980000,0x00000000ebb80000)
 ParOldGen       total 262144K, used 258241K [0x00000000c0000000, 0x00000000d0000000, 0x00000000eab00000)
  object space 262144K, 98% used [0x00000000c0000000,0x00000000cfc30568,0x00000000d0000000)
 Metaspace       used 60367K, committed 61760K, reserved 1114112K
  class space    used 6867K, committed 7424K, reserved 1048576K
}
Event: 13.360 GC heap before
{Heap before GC invocations=207 (full 3):
 PSYoungGen      total 14848K, used 13532K [0x00000000eab00000, 0x00000000ebb80000, 0x0000000100000000)
  eden space 12288K, 100% used [0x00000000eab00000,0x00000000eb700000,0x00000000eb700000)
  from space 2560K, 48% used [0x00000000eb700000,0x00000000eb837390,0x00000000eb980000)
  to   space 2048K, 0% used [0x00000000eb980000,0x00000000eb980000,0x00000000ebb80000)
 ParOldGen       total 262144K, used 258241K [0x00000000c0000000, 0x00000000d0000000, 0x00000000eab00000)
  object space 262144K, 98% used [0x00000000c0000000,0x00000000cfc30568,0x00000000d0000000)
 Metaspace       used 60594K, committed 62016K, reserved 1114112K
  class space    used 6877K, committed 7488K, reserved 1048576K
}
Event: 13.362 GC heap after
{Heap after GC invocations=207 (full 3):
 PSYoungGen      total 15360K, used 968K [0x00000000eab00000, 0x00000000ebb80000, 0x0000000100000000)
  eden space 13312K, 0% used [0x00000000eab00000,0x00000000eab00000,0x00000000eb800000)
  from space 2048K, 47% used [0x00000000eb980000,0x00000000eba72218,0x00000000ebb80000)
  to   space 1536K, 0% used [0x00000000eb800000,0x00000000eb800000,0x00000000eb980000)
 ParOldGen       total 262144K, used 258471K [0x00000000c0000000, 0x00000000d0000000, 0x00000000eab00000)
  object space 262144K, 98% used [0x00000000c0000000,0x00000000cfc69df0,0x00000000d0000000)
 Metaspace       used 60594K, committed 62016K, reserved 1114112K
  class space    used 6877K, committed 7488K, reserved 1048576K
}
Event: 13.386 GC heap before
{Heap before GC invocations=208 (full 3):
 PSYoungGen      total 15360K, used 14280K [0x00000000eab00000, 0x00000000ebb80000, 0x0000000100000000)
  eden space 13312K, 100% used [0x00000000eab00000,0x00000000eb800000,0x00000000eb800000)
  from space 2048K, 47% used [0x00000000eb980000,0x00000000eba72218,0x00000000ebb80000)
  to   space 1536K, 0% used [0x00000000eb800000,0x00000000eb800000,0x00000000eb980000)
 ParOldGen       total 262144K, used 258471K [0x00000000c0000000, 0x00000000d0000000, 0x00000000eab00000)
  object space 262144K, 98% used [0x00000000c0000000,0x00000000cfc69df0,0x00000000d0000000)
 Metaspace       used 61077K, committed 62464K, reserved 1114112K
  class space    used 6929K, committed 7488K, reserved 1048576K
}
Event: 13.389 GC heap after
{Heap after GC invocations=208 (full 3):
 PSYoungGen      total 14848K, used 1534K [0x00000000eab00000, 0x00000000ec280000, 0x0000000100000000)
  eden space 13312K, 0% used [0x00000000eab00000,0x00000000eab00000,0x00000000eb800000)
  from space 1536K, 99% used [0x00000000eb800000,0x00000000eb97fbf8,0x00000000eb980000)
  to   space 4608K, 0% used [0x00000000ebe00000,0x00000000ebe00000,0x00000000ec280000)
 ParOldGen       total 262144K, used 260841K [0x00000000c0000000, 0x00000000d0000000, 0x00000000eab00000)
  object space 262144K, 99% used [0x00000000c0000000,0x00000000cfeba7c0,0x00000000d0000000)
 Metaspace       used 61077K, committed 62464K, reserved 1114112K
  class space    used 6929K, committed 7488K, reserved 1048576K
}
Event: 13.410 GC heap before
{Heap before GC invocations=209 (full 3):
 PSYoungGen      total 14848K, used 14846K [0x00000000eab00000, 0x00000000ec280000, 0x0000000100000000)
  eden space 13312K, 100% used [0x00000000eab00000,0x00000000eb800000,0x00000000eb800000)
  from space 1536K, 99% used [0x00000000eb800000,0x00000000eb97fbf8,0x00000000eb980000)
  to   space 4608K, 0% used [0x00000000ebe00000,0x00000000ebe00000,0x00000000ec280000)
 ParOldGen       total 262144K, used 260841K [0x00000000c0000000, 0x00000000d0000000, 0x00000000eab00000)
  object space 262144K, 99% used [0x00000000c0000000,0x00000000cfeba7c0,0x00000000d0000000)
 Metaspace       used 61493K, committed 62912K, reserved 1114112K
  class space    used 6973K, committed 7552K, reserved 1048576K
}
Event: 13.414 GC heap after
{Heap after GC invocations=209 (full 3):
 PSYoungGen      total 18432K, used 2979K [0x00000000eab00000, 0x00000000ec100000, 0x0000000100000000)
  eden space 15360K, 0% used [0x00000000eab00000,0x00000000eab00000,0x00000000eba00000)
  from space 3072K, 96% used [0x00000000ebe00000,0x00000000ec0e8e68,0x00000000ec100000)
  to   space 3584K, 0% used [0x00000000eba00000,0x00000000eba00000,0x00000000ebd80000)
 ParOldGen       total 262656K, used 262358K [0x00000000c0000000, 0x00000000d0080000, 0x00000000eab00000)
  object space 262656K, 99% used [0x00000000c0000000,0x00000000d0035ae0,0x00000000d0080000)
 Metaspace       used 61493K, committed 62912K, reserved 1114112K
  class space    used 6973K, committed 7552K, reserved 1048576K
}
Event: 13.438 GC heap before
{Heap before GC invocations=210 (full 3):
 PSYoungGen      total 18432K, used 18339K [0x00000000eab00000, 0x00000000ec100000, 0x0000000100000000)
  eden space 15360K, 100% used [0x00000000eab00000,0x00000000eba00000,0x00000000eba00000)
  from space 3072K, 96% used [0x00000000ebe00000,0x00000000ec0e8e68,0x00000000ec100000)
  to   space 3584K, 0% used [0x00000000eba00000,0x00000000eba00000,0x00000000ebd80000)
 ParOldGen       total 262656K, used 262358K [0x00000000c0000000, 0x00000000d0080000, 0x00000000eab00000)
  object space 262656K, 99% used [0x00000000c0000000,0x00000000d0035ae0,0x00000000d0080000)
 Metaspace       used 61777K, committed 63168K, reserved 1114112K
  class space    used 6985K, committed 7552K, reserved 1048576K
}
Event: 13.443 GC heap after
{Heap after GC invocations=210 (full 3):
 PSYoungGen      total 18944K, used 3558K [0x00000000eab00000, 0x00000000ecb00000, 0x0000000100000000)
  eden space 15360K, 0% used [0x00000000eab00000,0x00000000eab00000,0x00000000eba00000)
  from space 3584K, 99% used [0x00000000eba00000,0x00000000ebd79960,0x00000000ebd80000)
  to   space 7680K, 0% used [0x00000000ec380000,0x00000000ec380000,0x00000000ecb00000)
 ParOldGen       total 265728K, used 265640K [0x00000000c0000000, 0x00000000d0380000, 0x00000000eab00000)
  object space 265728K, 99% used [0x00000000c0000000,0x00000000d036a028,0x00000000d0380000)
 Metaspace       used 61777K, committed 63168K, reserved 1114112K
  class space    used 6985K, committed 7552K, reserved 1048576K
}
Event: 13.459 GC heap before
{Heap before GC invocations=211 (full 3):
 PSYoungGen      total 18944K, used 18918K [0x00000000eab00000, 0x00000000ecb00000, 0x0000000100000000)
  eden space 15360K, 100% used [0x00000000eab00000,0x00000000eba00000,0x00000000eba00000)
  from space 3584K, 99% used [0x00000000eba00000,0x00000000ebd79960,0x00000000ebd80000)
  to   space 7680K, 0% used [0x00000000ec380000,0x00000000ec380000,0x00000000ecb00000)
 ParOldGen       total 265728K, used 265640K [0x00000000c0000000, 0x00000000d0380000, 0x00000000eab00000)
  object space 265728K, 99% used [0x00000000c0000000,0x00000000d036a028,0x00000000d0380000)
 Metaspace       used 61997K, committed 63424K, reserved 1114112K
  class space    used 6989K, committed 7552K, reserved 1048576K
}
Event: 13.465 GC heap after
{Heap after GC invocations=211 (full 3):
 PSYoungGen      total 22016K, used 4380K [0x00000000eab00000, 0x00000000ec800000, 0x0000000100000000)
  eden space 17408K, 0% used [0x00000000eab00000,0x00000000eab00000,0x00000000ebc00000)
  from space 4608K, 95% used [0x00000000ec380000,0x00000000ec7c7260,0x00000000ec800000)
  to   space 5632K, 0% used [0x00000000ebd00000,0x00000000ebd00000,0x00000000ec280000)
 ParOldGen       total 269312K, used 268948K [0x00000000c0000000, 0x00000000d0700000, 0x00000000eab00000)
  object space 269312K, 99% used [0x00000000c0000000,0x00000000d06a5150,0x00000000d0700000)
 Metaspace       used 61997K, committed 63424K, reserved 1114112K
  class space    used 6989K, committed 7552K, reserved 1048576K
}
Event: 13.477 GC heap before
{Heap before GC invocations=212 (full 3):
 PSYoungGen      total 22016K, used 21788K [0x00000000eab00000, 0x00000000ec800000, 0x0000000100000000)
  eden space 17408K, 100% used [0x00000000eab00000,0x00000000ebc00000,0x00000000ebc00000)
  from space 4608K, 95% used [0x00000000ec380000,0x00000000ec7c7260,0x00000000ec800000)
  to   space 5632K, 0% used [0x00000000ebd00000,0x00000000ebd00000,0x00000000ec280000)
 ParOldGen       total 269312K, used 268948K [0x00000000c0000000, 0x00000000d0700000, 0x00000000eab00000)
  object space 269312K, 99% used [0x00000000c0000000,0x00000000d06a5150,0x00000000d0700000)
 Metaspace       used 62023K, committed 63424K, reserved 1114112K
  class space    used 6998K, committed 7552K, reserved 1048576K
}
Event: 13.481 GC heap after
{Heap after GC invocations=212 (full 3):
 PSYoungGen      total 24064K, used 5603K [0x00000000eab00000, 0x00000000eca80000, 0x0000000100000000)
  eden space 18432K, 0% used [0x00000000eab00000,0x00000000eab00000,0x00000000ebd00000)
  from space 5632K, 99% used [0x00000000ebd00000,0x00000000ec278d00,0x00000000ec280000)
  to   space 6144K, 0% used [0x00000000ec480000,0x00000000ec480000,0x00000000eca80000)
 ParOldGen       total 273408K, used 273109K [0x00000000c0000000, 0x00000000d0b00000, 0x00000000eab00000)
  object space 273408K, 99% used [0x00000000c0000000,0x00000000d0ab5638,0x00000000d0b00000)
 Metaspace       used 62023K, committed 63424K, reserved 1114112K
  class space    used 6998K, committed 7552K, reserved 1048576K
}
Event: 13.492 GC heap before
{Heap before GC invocations=213 (full 3):
 PSYoungGen      total 24064K, used 24016K [0x00000000eab00000, 0x00000000eca80000, 0x0000000100000000)
  eden space 18432K, 99% used [0x00000000eab00000,0x00000000ebcfb600,0x00000000ebd00000)
  from space 5632K, 99% used [0x00000000ebd00000,0x00000000ec278d00,0x00000000ec280000)
  to   space 6144K, 0% used [0x00000000ec480000,0x00000000ec480000,0x00000000eca80000)
 ParOldGen       total 273408K, used 273109K [0x00000000c0000000, 0x00000000d0b00000, 0x00000000eab00000)
  object space 273408K, 99% used [0x00000000c0000000,0x00000000d0ab5638,0x00000000d0b00000)
 Metaspace       used 62041K, committed 63488K, reserved 1114112K
  class space    used 7007K, committed 7616K, reserved 1048576K
}

