# JRE version: OpenJDK Runtime Environment Temurin-21.0.6+7 (21.0.6+7) (build 21.0.6+7-LTS)
# Java VM: OpenJDK 64-Bit Server VM Temurin-21.0.6+7 (21.0.6+7-LTS, mixed mode, sharing, tiered, compressed oops, compressed class ptrs, parallel gc, windows-amd64)
GC Precious Log:
 CardTable entry size: 512
 CPUs: 8 total, 8 available
 Memory: 7930M
 Large Page Support: Disabled
 NUMA Support: Disabled
 Compressed Oops: Enabled (32-bit)
 Alignments: Space 512K, Generation 512K, Heap 2M
 Heap Min Capacity: 100M
 Heap Initial Capacity: 100M
 Heap Max Capacity: 1G
 Pre-touch: Disabled
 Parallel Workers: 8
Heap:
 PSYoungGen      total 20480K, used 3557K [0x00000000eab00000, 0x00000000ec280000, 0x0000000100000000)
  eden space 16896K, 0% used [0x00000000eab00000,0x00000000eab00000,0x00000000ebb80000)
  from space 3584K, 99% used [0x00000000ebb80000,0x00000000ebef95b0,0x00000000ebf00000)
  to   space 3584K, 0% used [0x00000000ebf00000,0x00000000ebf00000,0x00000000ec280000)
 ParOldGen       total 68608K, used 56975K [0x00000000c0000000, 0x00000000c4300000, 0x00000000eab00000)
  object space 68608K, 83% used [0x00000000c0000000,0x00000000c37a3f10,0x00000000c4300000)
 Metaspace       used 52178K, committed 53376K, reserved 1114112K
  class space    used 5584K, committed 6144K, reserved 1048576K
GC Heap History (20 events):
Event: 12.102 GC heap before
{Heap before GC invocations=23 (full 2):
 PSYoungGen      total 24576K, used 24418K [0x00000000eab00000, 0x00000000ec780000, 0x0000000100000000)
  eden space 22016K, 100% used [0x00000000eab00000,0x00000000ec080000,0x00000000ec080000)
  from space 2560K, 93% used [0x00000000ec500000,0x00000000ec758a60,0x00000000ec780000)
  to   space 3072K, 0% used [0x00000000ec180000,0x00000000ec180000,0x00000000ec480000)
 ParOldGen       total 68608K, used 26955K [0x00000000c0000000, 0x00000000c4300000, 0x00000000eab00000)
  object space 68608K, 39% used [0x00000000c0000000,0x00000000c1a52c08,0x00000000c4300000)
 Metaspace       used 46228K, committed 47360K, reserved 1114112K
  class space    used 4891K, committed 5376K, reserved 1048576K
}
Event: 12.111 GC heap after
{Heap after GC invocations=23 (full 2):
 PSYoungGen      total 25088K, used 2596K [0x00000000eab00000, 0x00000000ec680000, 0x0000000100000000)
  eden space 22016K, 0% used [0x00000000eab00000,0x00000000eab00000,0x00000000ec080000)
  from space 3072K, 84% used [0x00000000ec180000,0x00000000ec409000,0x00000000ec480000)
  to   space 2048K, 0% used [0x00000000ec480000,0x00000000ec480000,0x00000000ec680000)
 ParOldGen       total 68608K, used 29081K [0x00000000c0000000, 0x00000000c4300000, 0x00000000eab00000)
  object space 68608K, 42% used [0x00000000c0000000,0x00000000c1c665b8,0x00000000c4300000)
 Metaspace       used 46228K, committed 47360K, reserved 1114112K
  class space    used 4891K, committed 5376K, reserved 1048576K
}
Event: 12.534 GC heap before
{Heap before GC invocations=24 (full 2):
 PSYoungGen      total 25088K, used 24612K [0x00000000eab00000, 0x00000000ec680000, 0x0000000100000000)
  eden space 22016K, 100% used [0x00000000eab00000,0x00000000ec080000,0x00000000ec080000)
  from space 3072K, 84% used [0x00000000ec180000,0x00000000ec409000,0x00000000ec480000)
  to   space 2048K, 0% used [0x00000000ec480000,0x00000000ec480000,0x00000000ec680000)
 ParOldGen       total 68608K, used 29081K [0x00000000c0000000, 0x00000000c4300000, 0x00000000eab00000)
  object space 68608K, 42% used [0x00000000c0000000,0x00000000c1c665b8,0x00000000c4300000)
 Metaspace       used 46435K, committed 47552K, reserved 1114112K
  class space    used 4912K, committed 5440K, reserved 1048576K
}
Event: 12.787 GC heap after
{Heap after GC invocations=24 (full 2):
 PSYoungGen      total 23040K, used 2048K [0x00000000eab00000, 0x00000000eca80000, 0x0000000100000000)
  eden space 20992K, 0% used [0x00000000eab00000,0x00000000eab00000,0x00000000ebf80000)
  from space 2048K, 100% used [0x00000000ec480000,0x00000000ec680000,0x00000000ec680000)
  to   space 5120K, 0% used [0x00000000ebf80000,0x00000000ebf80000,0x00000000ec480000)
 ParOldGen       total 68608K, used 31593K [0x00000000c0000000, 0x00000000c4300000, 0x00000000eab00000)
  object space 68608K, 46% used [0x00000000c0000000,0x00000000c1eda6b8,0x00000000c4300000)
 Metaspace       used 46435K, committed 47552K, reserved 1114112K
  class space    used 4912K, committed 5440K, reserved 1048576K
}
Event: 12.865 GC heap before
{Heap before GC invocations=25 (full 2):
 PSYoungGen      total 23040K, used 23040K [0x00000000eab00000, 0x00000000eca80000, 0x0000000100000000)
  eden space 20992K, 100% used [0x00000000eab00000,0x00000000ebf80000,0x00000000ebf80000)
  from space 2048K, 100% used [0x00000000ec480000,0x00000000ec680000,0x00000000ec680000)
  to   space 5120K, 0% used [0x00000000ebf80000,0x00000000ebf80000,0x00000000ec480000)
 ParOldGen       total 68608K, used 31593K [0x00000000c0000000, 0x00000000c4300000, 0x00000000eab00000)
  object space 68608K, 46% used [0x00000000c0000000,0x00000000c1eda6b8,0x00000000c4300000)
 Metaspace       used 46573K, committed 47680K, reserved 1114112K
  class space    used 4921K, committed 5440K, reserved 1048576K
}
Event: 12.871 GC heap after
{Heap after GC invocations=25 (full 2):
 PSYoungGen      total 24064K, used 2689K [0x00000000eab00000, 0x00000000ec680000, 0x0000000100000000)
  eden space 20992K, 0% used [0x00000000eab00000,0x00000000eab00000,0x00000000ebf80000)
  from space 3072K, 87% used [0x00000000ebf80000,0x00000000ec2204e0,0x00000000ec280000)
  to   space 3584K, 0% used [0x00000000ec300000,0x00000000ec300000,0x00000000ec680000)
 ParOldGen       total 68608K, used 33631K [0x00000000c0000000, 0x00000000c4300000, 0x00000000eab00000)
  object space 68608K, 49% used [0x00000000c0000000,0x00000000c20d7e40,0x00000000c4300000)
 Metaspace       used 46573K, committed 47680K, reserved 1114112K
  class space    used 4921K, committed 5440K, reserved 1048576K
}
Event: 14.372 GC heap before
{Heap before GC invocations=26 (full 2):
 PSYoungGen      total 24064K, used 23677K [0x00000000eab00000, 0x00000000ec680000, 0x0000000100000000)
  eden space 20992K, 99% used [0x00000000eab00000,0x00000000ebf7ef40,0x00000000ebf80000)
  from space 3072K, 87% used [0x00000000ebf80000,0x00000000ec2204e0,0x00000000ec280000)
  to   space 3584K, 0% used [0x00000000ec300000,0x00000000ec300000,0x00000000ec680000)
 ParOldGen       total 68608K, used 33631K [0x00000000c0000000, 0x00000000c4300000, 0x00000000eab00000)
  object space 68608K, 49% used [0x00000000c0000000,0x00000000c20d7e40,0x00000000c4300000)
 Metaspace       used 47365K, committed 48512K, reserved 1114112K
  class space    used 4996K, committed 5504K, reserved 1048576K
}
Event: 14.379 GC heap after
{Heap after GC invocations=26 (full 2):
 PSYoungGen      total 24064K, used 2810K [0x00000000eab00000, 0x00000000ec600000, 0x0000000100000000)
  eden space 20992K, 0% used [0x00000000eab00000,0x00000000eab00000,0x00000000ebf80000)
  from space 3072K, 91% used [0x00000000ec300000,0x00000000ec5beb30,0x00000000ec600000)
  to   space 3072K, 0% used [0x00000000ebf80000,0x00000000ebf80000,0x00000000ec280000)
 ParOldGen       total 68608K, used 36200K [0x00000000c0000000, 0x00000000c4300000, 0x00000000eab00000)
  object space 68608K, 52% used [0x00000000c0000000,0x00000000c235a0d0,0x00000000c4300000)
 Metaspace       used 47365K, committed 48512K, reserved 1114112K
  class space    used 4996K, committed 5504K, reserved 1048576K
}
Event: 14.740 GC heap before
{Heap before GC invocations=27 (full 2):
 PSYoungGen      total 24064K, used 23802K [0x00000000eab00000, 0x00000000ec600000, 0x0000000100000000)
  eden space 20992K, 100% used [0x00000000eab00000,0x00000000ebf80000,0x00000000ebf80000)
  from space 3072K, 91% used [0x00000000ec300000,0x00000000ec5beb30,0x00000000ec600000)
  to   space 3072K, 0% used [0x00000000ebf80000,0x00000000ebf80000,0x00000000ec280000)
 ParOldGen       total 68608K, used 36200K [0x00000000c0000000, 0x00000000c4300000, 0x00000000eab00000)
  object space 68608K, 52% used [0x00000000c0000000,0x00000000c235a0d0,0x00000000c4300000)
 Metaspace       used 49105K, committed 50240K, reserved 1114112K
  class space    used 5154K, committed 5632K, reserved 1048576K
}
Event: 14.744 GC heap after
{Heap after GC invocations=27 (full 2):
 PSYoungGen      total 24064K, used 2804K [0x00000000eab00000, 0x00000000ec580000, 0x0000000100000000)
  eden space 20992K, 0% used [0x00000000eab00000,0x00000000eab00000,0x00000000ebf80000)
  from space 3072K, 91% used [0x00000000ebf80000,0x00000000ec23d108,0x00000000ec280000)
  to   space 3072K, 0% used [0x00000000ec280000,0x00000000ec280000,0x00000000ec580000)
 ParOldGen       total 68608K, used 38858K [0x00000000c0000000, 0x00000000c4300000, 0x00000000eab00000)
  object space 68608K, 56% used [0x00000000c0000000,0x00000000c25f2bf0,0x00000000c4300000)
 Metaspace       used 49105K, committed 50240K, reserved 1114112K
  class space    used 5154K, committed 5632K, reserved 1048576K
}
Event: 14.927 GC heap before
{Heap before GC invocations=28 (full 2):
 PSYoungGen      total 24064K, used 23796K [0x00000000eab00000, 0x00000000ec580000, 0x0000000100000000)
  eden space 20992K, 100% used [0x00000000eab00000,0x00000000ebf80000,0x00000000ebf80000)
  from space 3072K, 91% used [0x00000000ebf80000,0x00000000ec23d108,0x00000000ec280000)
  to   space 3072K, 0% used [0x00000000ec280000,0x00000000ec280000,0x00000000ec580000)
 ParOldGen       total 68608K, used 38858K [0x00000000c0000000, 0x00000000c4300000, 0x00000000eab00000)
  object space 68608K, 56% used [0x00000000c0000000,0x00000000c25f2bf0,0x00000000c4300000)
 Metaspace       used 49842K, committed 51008K, reserved 1114112K
  class space    used 5236K, committed 5696K, reserved 1048576K
}
Event: 14.932 GC heap after
{Heap after GC invocations=28 (full 2):
 PSYoungGen      total 19968K, used 3050K [0x00000000eab00000, 0x00000000ecd80000, 0x0000000100000000)
  eden space 16896K, 0% used [0x00000000eab00000,0x00000000eab00000,0x00000000ebb80000)
  from space 3072K, 99% used [0x00000000ec280000,0x00000000ec57aa90,0x00000000ec580000)
  to   space 7168K, 0% used [0x00000000ebb80000,0x00000000ebb80000,0x00000000ec280000)
 ParOldGen       total 68608K, used 42269K [0x00000000c0000000, 0x00000000c4300000, 0x00000000eab00000)
  object space 68608K, 61% used [0x00000000c0000000,0x00000000c2947410,0x00000000c4300000)
 Metaspace       used 49842K, committed 51008K, reserved 1114112K
  class space    used 5236K, committed 5696K, reserved 1048576K
}
Event: 15.063 GC heap before
{Heap before GC invocations=29 (full 2):
 PSYoungGen      total 19968K, used 19946K [0x00000000eab00000, 0x00000000ecd80000, 0x0000000100000000)
  eden space 16896K, 100% used [0x00000000eab00000,0x00000000ebb80000,0x00000000ebb80000)
  from space 3072K, 99% used [0x00000000ec280000,0x00000000ec57aa90,0x00000000ec580000)
  to   space 7168K, 0% used [0x00000000ebb80000,0x00000000ebb80000,0x00000000ec280000)
 ParOldGen       total 68608K, used 42269K [0x00000000c0000000, 0x00000000c4300000, 0x00000000eab00000)
  object space 68608K, 61% used [0x00000000c0000000,0x00000000c2947410,0x00000000c4300000)
 Metaspace       used 50257K, committed 51392K, reserved 1114112K
  class space    used 5276K, committed 5760K, reserved 1048576K
}
Event: 15.067 GC heap after
{Heap after GC invocations=29 (full 2):
 PSYoungGen      total 20480K, used 3405K [0x00000000eab00000, 0x00000000ec480000, 0x0000000100000000)
  eden space 16896K, 0% used [0x00000000eab00000,0x00000000eab00000,0x00000000ebb80000)
  from space 3584K, 95% used [0x00000000ebb80000,0x00000000ebed3638,0x00000000ebf00000)
  to   space 4608K, 0% used [0x00000000ec000000,0x00000000ec000000,0x00000000ec480000)
 ParOldGen       total 68608K, used 45017K [0x00000000c0000000, 0x00000000c4300000, 0x00000000eab00000)
  object space 68608K, 65% used [0x00000000c0000000,0x00000000c2bf6778,0x00000000c4300000)
 Metaspace       used 50257K, committed 51392K, reserved 1114112K
  class space    used 5276K, committed 5760K, reserved 1048576K
}
Event: 15.148 GC heap before
{Heap before GC invocations=30 (full 2):
 PSYoungGen      total 20480K, used 20301K [0x00000000eab00000, 0x00000000ec480000, 0x0000000100000000)
  eden space 16896K, 100% used [0x00000000eab00000,0x00000000ebb80000,0x00000000ebb80000)
  from space 3584K, 95% used [0x00000000ebb80000,0x00000000ebed3638,0x00000000ebf00000)
  to   space 4608K, 0% used [0x00000000ec000000,0x00000000ec000000,0x00000000ec480000)
 ParOldGen       total 68608K, used 45017K [0x00000000c0000000, 0x00000000c4300000, 0x00000000eab00000)
  object space 68608K, 65% used [0x00000000c0000000,0x00000000c2bf6778,0x00000000c4300000)
 Metaspace       used 50655K, committed 51840K, reserved 1114112K
  class space    used 5343K, committed 5888K, reserved 1048576K
}
Event: 15.154 GC heap after
{Heap after GC invocations=30 (full 2):
 PSYoungGen      total 20480K, used 3362K [0x00000000eab00000, 0x00000000ec380000, 0x0000000100000000)
  eden space 16896K, 0% used [0x00000000eab00000,0x00000000eab00000,0x00000000ebb80000)
  from space 3584K, 93% used [0x00000000ec000000,0x00000000ec348a80,0x00000000ec380000)
  to   space 3584K, 0% used [0x00000000ebb80000,0x00000000ebb80000,0x00000000ebf00000)
 ParOldGen       total 68608K, used 48138K [0x00000000c0000000, 0x00000000c4300000, 0x00000000eab00000)
  object space 68608K, 70% used [0x00000000c0000000,0x00000000c2f02af0,0x00000000c4300000)
 Metaspace       used 50655K, committed 51840K, reserved 1114112K
  class space    used 5343K, committed 5888K, reserved 1048576K
}
Event: 15.245 GC heap before
{Heap before GC invocations=31 (full 2):
 PSYoungGen      total 20480K, used 19986K [0x00000000eab00000, 0x00000000ec380000, 0x0000000100000000)
  eden space 16896K, 98% used [0x00000000eab00000,0x00000000ebb3c038,0x00000000ebb80000)
  from space 3584K, 93% used [0x00000000ec000000,0x00000000ec348a80,0x00000000ec380000)
  to   space 3584K, 0% used [0x00000000ebb80000,0x00000000ebb80000,0x00000000ebf00000)
 ParOldGen       total 68608K, used 48138K [0x00000000c0000000, 0x00000000c4300000, 0x00000000eab00000)
  object space 68608K, 70% used [0x00000000c0000000,0x00000000c2f02af0,0x00000000c4300000)
 Metaspace       used 51229K, committed 52480K, reserved 1114112K
  class space    used 5432K, committed 5952K, reserved 1048576K
}
Event: 15.248 GC heap after
{Heap after GC invocations=31 (full 2):
 PSYoungGen      total 20480K, used 2885K [0x00000000eab00000, 0x00000000ec280000, 0x0000000100000000)
  eden space 16896K, 0% used [0x00000000eab00000,0x00000000eab00000,0x00000000ebb80000)
  from space 3584K, 80% used [0x00000000ebb80000,0x00000000ebe51670,0x00000000ebf00000)
  to   space 3584K, 0% used [0x00000000ebf00000,0x00000000ebf00000,0x00000000ec280000)
 ParOldGen       total 68608K, used 51247K [0x00000000c0000000, 0x00000000c4300000, 0x00000000eab00000)
  object space 68608K, 74% used [0x00000000c0000000,0x00000000c320bf30,0x00000000c4300000)
 Metaspace       used 51229K, committed 52480K, reserved 1114112K
  class space    used 5432K, committed 5952K, reserved 1048576K
}
Event: 15.329 GC heap before
{Heap before GC invocations=32 (full 2):
 PSYoungGen      total 20480K, used 19781K [0x00000000eab00000, 0x00000000ec280000, 0x0000000100000000)
  eden space 16896K, 100% used [0x00000000eab00000,0x00000000ebb80000,0x00000000ebb80000)
  from space 3584K, 80% used [0x00000000ebb80000,0x00000000ebe51670,0x00000000ebf00000)
  to   space 3584K, 0% used [0x00000000ebf00000,0x00000000ebf00000,0x00000000ec280000)
 ParOldGen       total 68608K, used 51247K [0x00000000c0000000, 0x00000000c4300000, 0x00000000eab00000)
  object space 68608K, 74% used [0x00000000c0000000,0x00000000c320bf30,0x00000000c4300000)
 Metaspace       used 51890K, committed 53120K, reserved 1114112K
  class space    used 5544K, committed 6080K, reserved 1048576K
}
Event: 15.332 GC heap after
{Heap after GC invocations=32 (full 2):
 PSYoungGen      total 20480K, used 3206K [0x00000000eab00000, 0x00000000ec280000, 0x0000000100000000)
  eden space 16896K, 0% used [0x00000000eab00000,0x00000000eab00000,0x00000000ebb80000)
  from space 3584K, 89% used [0x00000000ebf00000,0x00000000ec2219e8,0x00000000ec280000)
  to   space 3584K, 0% used [0x00000000ebb80000,0x00000000ebb80000,0x00000000ebf00000)
 ParOldGen       total 68608K, used 53878K [0x00000000c0000000, 0x00000000c4300000, 0x00000000eab00000)
  object space 68608K, 78% used [0x00000000c0000000,0x00000000c349db18,0x00000000c4300000)
 Metaspace       used 51890K, committed 53120K, reserved 1114112K
  class space    used 5544K, committed 6080K, reserved 1048576K
}

