# JRE version: OpenJDK Runtime Environment Temurin-21.0.6+7 (21.0.6+7) (build 21.0.6+7-LTS)
# Java VM: OpenJDK 64-Bit Server VM Temurin-21.0.6+7 (21.0.6+7-LTS, mixed mode, sharing, tiered, compressed oops, compressed class ptrs, parallel gc, windows-amd64)
GC Precious Log:
 CardTable entry size: 512
 CPUs: 8 total, 8 available
 Memory: 7930M
 Large Page Support: Disabled
 NUMA Support: Disabled
 Compressed Oops: Enabled (32-bit)
 Alignments: Space 512K, Generation 512K, Heap 2M
 Heap Min Capacity: 100M
 Heap Initial Capacity: 100M
 Heap Max Capacity: 1G
 Pre-touch: Disabled
 Parallel Workers: 8
Heap:
 PSYoungGen      total 13312K, used 6822K [0x00000000eab00000, 0x00000000ebb80000, 0x0000000100000000)
  eden space 10752K, 44% used [0x00000000eab00000,0x00000000eafac4b8,0x00000000eb580000)
  from space 2560K, 79% used [0x00000000eb780000,0x00000000eb97d580,0x00000000eba00000)
  to   space 2048K, 0% used [0x00000000eb580000,0x00000000eb580000,0x00000000eb780000)
 ParOldGen       total 85504K, used 85279K [0x00000000c0000000, 0x00000000c5380000, 0x00000000eab00000)
  object space 85504K, 99% used [0x00000000c0000000,0x00000000c5347e08,0x00000000c5380000)
 Metaspace       used 54110K, committed 55360K, reserved 1114112K
  class space    used 5923K, committed 6464K, reserved 1048576K
GC Heap History (20 events):
Event: 9.124 GC heap after
{Heap after GC invocations=34 (full 2):
 PSYoungGen      total 12288K, used 1713K [0x00000000eab00000, 0x00000000ebe80000, 0x0000000100000000)
  eden space 10240K, 0% used [0x00000000eab00000,0x00000000eab00000,0x00000000eb500000)
  from space 2048K, 83% used [0x00000000ebc80000,0x00000000ebe2c7b8,0x00000000ebe80000)
  to   space 3072K, 0% used [0x00000000eb880000,0x00000000eb880000,0x00000000ebb80000)
 ParOldGen       total 68608K, used 65943K [0x00000000c0000000, 0x00000000c4300000, 0x00000000eab00000)
  object space 68608K, 96% used [0x00000000c0000000,0x00000000c4065e80,0x00000000c4300000)
 Metaspace       used 52627K, committed 53888K, reserved 1114112K
  class space    used 5689K, committed 6208K, reserved 1048576K
}
Event: 9.179 GC heap before
{Heap before GC invocations=35 (full 2):
 PSYoungGen      total 12288K, used 11953K [0x00000000eab00000, 0x00000000ebe80000, 0x0000000100000000)
  eden space 10240K, 100% used [0x00000000eab00000,0x00000000eb500000,0x00000000eb500000)
  from space 2048K, 83% used [0x00000000ebc80000,0x00000000ebe2c7b8,0x00000000ebe80000)
  to   space 3072K, 0% used [0x00000000eb880000,0x00000000eb880000,0x00000000ebb80000)
 ParOldGen       total 68608K, used 65943K [0x00000000c0000000, 0x00000000c4300000, 0x00000000eab00000)
  object space 68608K, 96% used [0x00000000c0000000,0x00000000c4065e80,0x00000000c4300000)
 Metaspace       used 52712K, committed 53952K, reserved 1114112K
  class space    used 5696K, committed 6208K, reserved 1048576K
}
Event: 9.182 GC heap after
{Heap after GC invocations=35 (full 2):
 PSYoungGen      total 12800K, used 2334K [0x00000000eab00000, 0x00000000ebd00000, 0x0000000100000000)
  eden space 10240K, 0% used [0x00000000eab00000,0x00000000eab00000,0x00000000eb500000)
  from space 2560K, 91% used [0x00000000eb880000,0x00000000ebac78e0,0x00000000ebb00000)
  to   space 2048K, 0% used [0x00000000ebb00000,0x00000000ebb00000,0x00000000ebd00000)
 ParOldGen       total 68608K, used 67502K [0x00000000c0000000, 0x00000000c4300000, 0x00000000eab00000)
  object space 68608K, 98% used [0x00000000c0000000,0x00000000c41ebb10,0x00000000c4300000)
 Metaspace       used 52712K, committed 53952K, reserved 1114112K
  class space    used 5696K, committed 6208K, reserved 1048576K
}
Event: 9.233 GC heap before
{Heap before GC invocations=36 (full 2):
 PSYoungGen      total 12800K, used 12574K [0x00000000eab00000, 0x00000000ebd00000, 0x0000000100000000)
  eden space 10240K, 100% used [0x00000000eab00000,0x00000000eb500000,0x00000000eb500000)
  from space 2560K, 91% used [0x00000000eb880000,0x00000000ebac78e0,0x00000000ebb00000)
  to   space 2048K, 0% used [0x00000000ebb00000,0x00000000ebb00000,0x00000000ebd00000)
 ParOldGen       total 68608K, used 67502K [0x00000000c0000000, 0x00000000c4300000, 0x00000000eab00000)
  object space 68608K, 98% used [0x00000000c0000000,0x00000000c41ebb10,0x00000000c4300000)
 Metaspace       used 52793K, committed 54080K, reserved 1114112K
  class space    used 5707K, committed 6272K, reserved 1048576K
}
Event: 9.236 GC heap after
{Heap after GC invocations=36 (full 2):
 PSYoungGen      total 12288K, used 2047K [0x00000000eab00000, 0x00000000ebf00000, 0x0000000100000000)
  eden space 10240K, 0% used [0x00000000eab00000,0x00000000eab00000,0x00000000eb500000)
  from space 2048K, 99% used [0x00000000ebb00000,0x00000000ebcffff0,0x00000000ebd00000)
  to   space 5120K, 0% used [0x00000000eb500000,0x00000000eb500000,0x00000000eba00000)
 ParOldGen       total 70144K, used 69879K [0x00000000c0000000, 0x00000000c4480000, 0x00000000eab00000)
  object space 70144K, 99% used [0x00000000c0000000,0x00000000c443de00,0x00000000c4480000)
 Metaspace       used 52793K, committed 54080K, reserved 1114112K
  class space    used 5707K, committed 6272K, reserved 1048576K
}
Event: 9.278 GC heap before
{Heap before GC invocations=37 (full 2):
 PSYoungGen      total 12288K, used 12287K [0x00000000eab00000, 0x00000000ebf00000, 0x0000000100000000)
  eden space 10240K, 100% used [0x00000000eab00000,0x00000000eb500000,0x00000000eb500000)
  from space 2048K, 99% used [0x00000000ebb00000,0x00000000ebcffff0,0x00000000ebd00000)
  to   space 5120K, 0% used [0x00000000eb500000,0x00000000eb500000,0x00000000eba00000)
 ParOldGen       total 70144K, used 69879K [0x00000000c0000000, 0x00000000c4480000, 0x00000000eab00000)
  object space 70144K, 99% used [0x00000000c0000000,0x00000000c443de00,0x00000000c4480000)
 Metaspace       used 53048K, committed 54272K, reserved 1114112K
  class space    used 5761K, committed 6272K, reserved 1048576K
}
Event: 9.281 GC heap after
{Heap after GC invocations=37 (full 2):
 PSYoungGen      total 12288K, used 1928K [0x00000000eab00000, 0x00000000ebb80000, 0x0000000100000000)
  eden space 10240K, 0% used [0x00000000eab00000,0x00000000eab00000,0x00000000eb500000)
  from space 2048K, 94% used [0x00000000eb500000,0x00000000eb6e2370,0x00000000eb700000)
  to   space 3072K, 0% used [0x00000000eb880000,0x00000000eb880000,0x00000000ebb80000)
 ParOldGen       total 72192K, used 71872K [0x00000000c0000000, 0x00000000c4680000, 0x00000000eab00000)
  object space 72192K, 99% used [0x00000000c0000000,0x00000000c46302a0,0x00000000c4680000)
 Metaspace       used 53048K, committed 54272K, reserved 1114112K
  class space    used 5761K, committed 6272K, reserved 1048576K
}
Event: 9.371 GC heap before
{Heap before GC invocations=38 (full 2):
 PSYoungGen      total 12288K, used 12168K [0x00000000eab00000, 0x00000000ebb80000, 0x0000000100000000)
  eden space 10240K, 100% used [0x00000000eab00000,0x00000000eb500000,0x00000000eb500000)
  from space 2048K, 94% used [0x00000000eb500000,0x00000000eb6e2370,0x00000000eb700000)
  to   space 3072K, 0% used [0x00000000eb880000,0x00000000eb880000,0x00000000ebb80000)
 ParOldGen       total 72192K, used 71872K [0x00000000c0000000, 0x00000000c4680000, 0x00000000eab00000)
  object space 72192K, 99% used [0x00000000c0000000,0x00000000c46302a0,0x00000000c4680000)
 Metaspace       used 53231K, committed 54464K, reserved 1114112K
  class space    used 5797K, committed 6336K, reserved 1048576K
}
Event: 9.374 GC heap after
{Heap after GC invocations=38 (full 2):
 PSYoungGen      total 12288K, used 2030K [0x00000000eab00000, 0x00000000eba80000, 0x0000000100000000)
  eden space 10240K, 0% used [0x00000000eab00000,0x00000000eab00000,0x00000000eb500000)
  from space 2048K, 99% used [0x00000000eb880000,0x00000000eba7b910,0x00000000eba80000)
  to   space 2560K, 0% used [0x00000000eb580000,0x00000000eb580000,0x00000000eb800000)
 ParOldGen       total 73728K, used 73665K [0x00000000c0000000, 0x00000000c4800000, 0x00000000eab00000)
  object space 73728K, 99% used [0x00000000c0000000,0x00000000c47f07a8,0x00000000c4800000)
 Metaspace       used 53231K, committed 54464K, reserved 1114112K
  class space    used 5797K, committed 6336K, reserved 1048576K
}
Event: 9.527 GC heap before
{Heap before GC invocations=39 (full 2):
 PSYoungGen      total 12288K, used 12270K [0x00000000eab00000, 0x00000000eba80000, 0x0000000100000000)
  eden space 10240K, 100% used [0x00000000eab00000,0x00000000eb500000,0x00000000eb500000)
  from space 2048K, 99% used [0x00000000eb880000,0x00000000eba7b910,0x00000000eba80000)
  to   space 2560K, 0% used [0x00000000eb580000,0x00000000eb580000,0x00000000eb800000)
 ParOldGen       total 73728K, used 73665K [0x00000000c0000000, 0x00000000c4800000, 0x00000000eab00000)
  object space 73728K, 99% used [0x00000000c0000000,0x00000000c47f07a8,0x00000000c4800000)
 Metaspace       used 53356K, committed 54592K, reserved 1114112K
  class space    used 5825K, committed 6336K, reserved 1048576K
}
Event: 9.530 GC heap after
{Heap after GC invocations=39 (full 2):
 PSYoungGen      total 12800K, used 2100K [0x00000000eab00000, 0x00000000eba00000, 0x0000000100000000)
  eden space 10240K, 0% used [0x00000000eab00000,0x00000000eab00000,0x00000000eb500000)
  from space 2560K, 82% used [0x00000000eb580000,0x00000000eb78d090,0x00000000eb800000)
  to   space 2048K, 0% used [0x00000000eb800000,0x00000000eb800000,0x00000000eba00000)
 ParOldGen       total 75776K, used 75551K [0x00000000c0000000, 0x00000000c4a00000, 0x00000000eab00000)
  object space 75776K, 99% used [0x00000000c0000000,0x00000000c49c7f08,0x00000000c4a00000)
 Metaspace       used 53356K, committed 54592K, reserved 1114112K
  class space    used 5825K, committed 6336K, reserved 1048576K
}
Event: 9.578 GC heap before
{Heap before GC invocations=40 (full 2):
 PSYoungGen      total 12800K, used 12340K [0x00000000eab00000, 0x00000000eba00000, 0x0000000100000000)
  eden space 10240K, 100% used [0x00000000eab00000,0x00000000eb500000,0x00000000eb500000)
  from space 2560K, 82% used [0x00000000eb580000,0x00000000eb78d090,0x00000000eb800000)
  to   space 2048K, 0% used [0x00000000eb800000,0x00000000eb800000,0x00000000eba00000)
 ParOldGen       total 75776K, used 75551K [0x00000000c0000000, 0x00000000c4a00000, 0x00000000eab00000)
  object space 75776K, 99% used [0x00000000c0000000,0x00000000c49c7f08,0x00000000c4a00000)
 Metaspace       used 53495K, committed 54784K, reserved 1114112K
  class space    used 5847K, committed 6400K, reserved 1048576K
}
Event: 9.580 GC heap after
{Heap after GC invocations=40 (full 2):
 PSYoungGen      total 12288K, used 2027K [0x00000000eab00000, 0x00000000eba00000, 0x0000000100000000)
  eden space 10240K, 0% used [0x00000000eab00000,0x00000000eab00000,0x00000000eb500000)
  from space 2048K, 98% used [0x00000000eb800000,0x00000000eb9fad98,0x00000000eba00000)
  to   space 2560K, 0% used [0x00000000eb500000,0x00000000eb500000,0x00000000eb780000)
 ParOldGen       total 77824K, used 77515K [0x00000000c0000000, 0x00000000c4c00000, 0x00000000eab00000)
  object space 77824K, 99% used [0x00000000c0000000,0x00000000c4bb2fb0,0x00000000c4c00000)
 Metaspace       used 53495K, committed 54784K, reserved 1114112K
  class space    used 5847K, committed 6400K, reserved 1048576K
}
Event: 9.685 GC heap before
{Heap before GC invocations=41 (full 2):
 PSYoungGen      total 12288K, used 12267K [0x00000000eab00000, 0x00000000eba00000, 0x0000000100000000)
  eden space 10240K, 100% used [0x00000000eab00000,0x00000000eb500000,0x00000000eb500000)
  from space 2048K, 98% used [0x00000000eb800000,0x00000000eb9fad98,0x00000000eba00000)
  to   space 2560K, 0% used [0x00000000eb500000,0x00000000eb500000,0x00000000eb780000)
 ParOldGen       total 77824K, used 77515K [0x00000000c0000000, 0x00000000c4c00000, 0x00000000eab00000)
  object space 77824K, 99% used [0x00000000c0000000,0x00000000c4bb2fb0,0x00000000c4c00000)
 Metaspace       used 53652K, committed 54848K, reserved 1114112K
  class space    used 5866K, committed 6400K, reserved 1048576K
}
Event: 9.688 GC heap after
{Heap after GC invocations=41 (full 2):
 PSYoungGen      total 12800K, used 2460K [0x00000000eab00000, 0x00000000eba00000, 0x0000000100000000)
  eden space 10240K, 0% used [0x00000000eab00000,0x00000000eab00000,0x00000000eb500000)
  from space 2560K, 96% used [0x00000000eb500000,0x00000000eb767278,0x00000000eb780000)
  to   space 2560K, 0% used [0x00000000eb780000,0x00000000eb780000,0x00000000eba00000)
 ParOldGen       total 79872K, used 79361K [0x00000000c0000000, 0x00000000c4e00000, 0x00000000eab00000)
  object space 79872K, 99% used [0x00000000c0000000,0x00000000c4d804b8,0x00000000c4e00000)
 Metaspace       used 53652K, committed 54848K, reserved 1114112K
  class space    used 5866K, committed 6400K, reserved 1048576K
}
Event: 9.769 GC heap before
{Heap before GC invocations=42 (full 2):
 PSYoungGen      total 12800K, used 12700K [0x00000000eab00000, 0x00000000eba00000, 0x0000000100000000)
  eden space 10240K, 100% used [0x00000000eab00000,0x00000000eb500000,0x00000000eb500000)
  from space 2560K, 96% used [0x00000000eb500000,0x00000000eb767278,0x00000000eb780000)
  to   space 2560K, 0% used [0x00000000eb780000,0x00000000eb780000,0x00000000eba00000)
 ParOldGen       total 79872K, used 79361K [0x00000000c0000000, 0x00000000c4e00000, 0x00000000eab00000)
  object space 79872K, 99% used [0x00000000c0000000,0x00000000c4d804b8,0x00000000c4e00000)
 Metaspace       used 53987K, committed 55232K, reserved 1114112K
  class space    used 5910K, committed 6464K, reserved 1048576K
}
Event: 9.774 GC heap after
{Heap after GC invocations=42 (full 2):
 PSYoungGen      total 12800K, used 2020K [0x00000000eab00000, 0x00000000eba00000, 0x0000000100000000)
  eden space 10240K, 0% used [0x00000000eab00000,0x00000000eab00000,0x00000000eb500000)
  from space 2560K, 78% used [0x00000000eb780000,0x00000000eb979068,0x00000000eba00000)
  to   space 2560K, 0% used [0x00000000eb500000,0x00000000eb500000,0x00000000eb780000)
 ParOldGen       total 81920K, used 81672K [0x00000000c0000000, 0x00000000c5000000, 0x00000000eab00000)
  object space 81920K, 99% used [0x00000000c0000000,0x00000000c4fc2090,0x00000000c5000000)
 Metaspace       used 53987K, committed 55232K, reserved 1114112K
  class space    used 5910K, committed 6464K, reserved 1048576K
}
Event: 9.954 GC heap before
{Heap before GC invocations=43 (full 2):
 PSYoungGen      total 12800K, used 12260K [0x00000000eab00000, 0x00000000eba00000, 0x0000000100000000)
  eden space 10240K, 100% used [0x00000000eab00000,0x00000000eb500000,0x00000000eb500000)
  from space 2560K, 78% used [0x00000000eb780000,0x00000000eb979068,0x00000000eba00000)
  to   space 2560K, 0% used [0x00000000eb500000,0x00000000eb500000,0x00000000eb780000)
 ParOldGen       total 81920K, used 81672K [0x00000000c0000000, 0x00000000c5000000, 0x00000000eab00000)
  object space 81920K, 99% used [0x00000000c0000000,0x00000000c4fc2090,0x00000000c5000000)
 Metaspace       used 54099K, committed 55360K, reserved 1114112K
  class space    used 5923K, committed 6464K, reserved 1048576K
}
Event: 9.958 GC heap after
{Heap after GC invocations=43 (full 2):
 PSYoungGen      total 12800K, used 2043K [0x00000000eab00000, 0x00000000eba00000, 0x0000000100000000)
  eden space 10240K, 0% used [0x00000000eab00000,0x00000000eab00000,0x00000000eb500000)
  from space 2560K, 79% used [0x00000000eb500000,0x00000000eb6feea0,0x00000000eb780000)
  to   space 2560K, 0% used [0x00000000eb780000,0x00000000eb780000,0x00000000eba00000)
 ParOldGen       total 83968K, used 83459K [0x00000000c0000000, 0x00000000c5200000, 0x00000000eab00000)
  object space 83968K, 99% used [0x00000000c0000000,0x00000000c5180da8,0x00000000c5200000)
 Metaspace       used 54099K, committed 55360K, reserved 1114112K
  class space    used 5923K, committed 6464K, reserved 1048576K
}
Event: 10.095 GC heap before
{Heap before GC invocations=44 (full 2):
 PSYoungGen      total 12800K, used 12283K [0x00000000eab00000, 0x00000000eba00000, 0x0000000100000000)
  eden space 10240K, 100% used [0x00000000eab00000,0x00000000eb500000,0x00000000eb500000)
  from space 2560K, 79% used [0x00000000eb500000,0x00000000eb6feea0,0x00000000eb780000)
  to   space 2560K, 0% used [0x00000000eb780000,0x00000000eb780000,0x00000000eba00000)
 ParOldGen       total 83968K, used 83459K [0x00000000c0000000, 0x00000000c5200000, 0x00000000eab00000)
  object space 83968K, 99% used [0x00000000c0000000,0x00000000c5180da8,0x00000000c5200000)
 Metaspace       used 54110K, committed 55360K, reserved 1114112K
  class space    used 5923K, committed 6464K, reserved 1048576K
}

